Train: (24000, 1024)
Val: (3000, 1024)
Test: (3000, 1024)
--------------------------------------------------------------------------------
Current lr = 0.010000
Epoch [  1/100] avg [loss = 1.892772338668506], [acc = 55.3292%]  [13279/24000]
Avg Dev loss = 0.727121995167529, acc = 77.3333%  [2320/3000].
Best Dev Acc: 0.7733%
--------------------------------------------------------------------------------
Current lr = 0.010000
Epoch [  2/100] avg [loss = 1.036288354436557], [acc = 70.4042%]  [16897/24000]
Avg Dev loss = 0.652963004055175, acc = 79.2667%  [2378/3000].
Best Dev Acc: 0.7927%
--------------------------------------------------------------------------------
Current lr = 0.010000
Epoch [  3/100] avg [loss = 0.886498711665472], [acc = 74.1625%]  [17799/24000]
Avg Dev loss = 0.609487019479275, acc = 80.7333%  [2422/3000].
Best Dev Acc: 0.8073%
--------------------------------------------------------------------------------
Current lr = 0.010000
Epoch [  4/100] avg [loss = 0.794127914696932], [acc = 76.2542%]  [18301/24000]
Avg Dev loss = 0.548660724245487, acc = 82.7333%  [2482/3000].
Best Dev Acc: 0.8273%
--------------------------------------------------------------------------------
Current lr = 0.010000
Epoch [  5/100] avg [loss = 0.738552044689655], [acc = 77.5292%]  [18607/24000]
Avg Dev loss = 0.546202785474189, acc = 83.4667%  [2504/3000].
Best Dev Acc: 0.8347%
--------------------------------------------------------------------------------
Current lr = 0.010000
Epoch [  6/100] avg [loss = 0.683026443998019], [acc = 78.7208%]  [18893/24000]
Avg Dev loss = 0.516993419841883, acc = 83.1333%  [2494/3000].
--------------------------------------------------------------------------------
Current lr = 0.010000
Epoch [  7/100] avg [loss = 0.652932953794797], [acc = 79.4917%]  [19078/24000]
Avg Dev loss = 0.519317987909976, acc = 82.7333%  [2482/3000].
--------------------------------------------------------------------------------
Current lr = 0.010000
Epoch [  8/100] avg [loss = 0.614641260594130], [acc = 80.5667%]  [19336/24000]
Avg Dev loss = 0.458763234000257, acc = 84.1333%  [2524/3000].
Best Dev Acc: 0.8413%
--------------------------------------------------------------------------------
Current lr = 0.010000
Epoch [  9/100] avg [loss = 0.562839145484069], [acc = 81.7833%]  [19628/24000]
Avg Dev loss = 0.464389583690369, acc = 84.3333%  [2530/3000].
Best Dev Acc: 0.8433%
--------------------------------------------------------------------------------
Current lr = 0.010000
Epoch [ 10/100] avg [loss = 0.527846834053596], [acc = 82.4625%]  [19791/24000]
Avg Dev loss = 0.470012174007740, acc = 84.1667%  [2525/3000].
--------------------------------------------------------------------------------
Current lr = 0.010000
Epoch [ 11/100] avg [loss = 0.532952787508568], [acc = 82.6792%]  [19843/24000]
Avg Dev loss = 0.453863549739757, acc = 84.2667%  [2528/3000].
--------------------------------------------------------------------------------
Current lr = 0.010000
Epoch [ 12/100] avg [loss = 0.509558907131354], [acc = 83.6875%]  [20085/24000]
Avg Dev loss = 0.444654344561252, acc = 85.0333%  [2551/3000].
Best Dev Acc: 0.8503%
--------------------------------------------------------------------------------
Current lr = 0.010000
Epoch [ 13/100] avg [loss = 0.479638289426764], [acc = 84.1333%]  [20192/24000]
Avg Dev loss = 0.431522130252833, acc = 85.1000%  [2553/3000].
Best Dev Acc: 0.8510%
--------------------------------------------------------------------------------
Current lr = 0.010000
Epoch [ 14/100] avg [loss = 0.460384980460007], [acc = 84.4500%]  [20268/24000]
Avg Dev loss = 0.457791142561968, acc = 84.9000%  [2547/3000].
--------------------------------------------------------------------------------
Current lr = 0.010000
Epoch [ 15/100] avg [loss = 0.435870086977879], [acc = 85.2000%]  [20448/24000]
Avg Dev loss = 0.441091335913602, acc = 85.1667%  [2555/3000].
Best Dev Acc: 0.8517%
--------------------------------------------------------------------------------
Current lr = 0.010000
Epoch [ 16/100] avg [loss = 0.435781976973017], [acc = 84.7542%]  [20341/24000]
Avg Dev loss = 0.464924158726601, acc = 84.3333%  [2530/3000].
--------------------------------------------------------------------------------
Current lr = 0.010000
Epoch [ 17/100] avg [loss = 0.430616155301531], [acc = 85.4458%]  [20507/24000]
Avg Dev loss = 0.414042149928022, acc = 85.7000%  [2571/3000].
Best Dev Acc: 0.8570%
--------------------------------------------------------------------------------
Current lr = 0.010000
Epoch [ 18/100] avg [loss = 0.395096670548122], [acc = 85.8625%]  [20607/24000]
Avg Dev loss = 0.413411480156665, acc = 85.2333%  [2557/3000].
--------------------------------------------------------------------------------
Current lr = 0.010000
Epoch [ 19/100] avg [loss = 0.394605601246158], [acc = 86.6042%]  [20785/24000]
Avg Dev loss = 0.446191864563747, acc = 85.4667%  [2564/3000].
--------------------------------------------------------------------------------
Current lr = 0.010000
Epoch [ 20/100] avg [loss = 0.390154030869405], [acc = 86.4500%]  [20748/24000]
Avg Dev loss = 0.435990341166233, acc = 84.9000%  [2547/3000].
--------------------------------------------------------------------------------
Current lr = 0.010000
Epoch [ 21/100] avg [loss = 0.376052826593320], [acc = 86.5625%]  [20775/24000]
Avg Dev loss = 0.434849108549508, acc = 85.7667%  [2573/3000].
Best Dev Acc: 0.8577%
--------------------------------------------------------------------------------
Current lr = 0.010000
Epoch [ 22/100] avg [loss = 0.364320533176263], [acc = 87.1625%]  [20919/24000]
Avg Dev loss = 0.420626130113576, acc = 85.2000%  [2556/3000].
--------------------------------------------------------------------------------
Current lr = 0.010000
Epoch [ 23/100] avg [loss = 0.358080106260876], [acc = 87.2542%]  [20941/24000]
Avg Dev loss = 0.443979592557917, acc = 85.6667%  [2570/3000].
--------------------------------------------------------------------------------
Current lr = 0.010000
Epoch [ 24/100] avg [loss = 0.351541872784495], [acc = 87.5125%]  [21003/24000]
Avg Dev loss = 0.405591589061821, acc = 86.5000%  [2595/3000].
Best Dev Acc: 0.8650%
--------------------------------------------------------------------------------
Current lr = 0.010000
Epoch [ 25/100] avg [loss = 0.344777832103272], [acc = 87.8042%]  [21073/24000]
Avg Dev loss = 0.426932033864741, acc = 85.1000%  [2553/3000].
--------------------------------------------------------------------------------
Current lr = 0.010000
Epoch [ 26/100] avg [loss = 0.359299686867744], [acc = 87.6667%]  [21040/24000]
Avg Dev loss = 0.426948379844110, acc = 84.9000%  [2547/3000].
--------------------------------------------------------------------------------
Current lr = 0.010000
Epoch [ 27/100] avg [loss = 0.329277605460336], [acc = 88.0542%]  [21133/24000]
Avg Dev loss = 0.393295092983766, acc = 86.5333%  [2596/3000].
Best Dev Acc: 0.8653%
--------------------------------------------------------------------------------
Current lr = 0.010000
Epoch [ 28/100] avg [loss = 0.320250882035742], [acc = 88.1500%]  [21156/24000]
Avg Dev loss = 0.433774230565797, acc = 85.9667%  [2579/3000].
--------------------------------------------------------------------------------
Current lr = 0.010000
Epoch [ 29/100] avg [loss = 0.320765964098275], [acc = 88.3500%]  [21204/24000]
Avg Dev loss = 0.434862878411374, acc = 86.1000%  [2583/3000].
--------------------------------------------------------------------------------
Current lr = 0.010000
Epoch [ 30/100] avg [loss = 0.344450138536593], [acc = 87.6333%]  [21032/24000]
Avg Dev loss = 0.404066857267568, acc = 85.7000%  [2571/3000].
--------------------------------------------------------------------------------
Current lr = 0.010000
Epoch [ 31/100] avg [loss = 0.313698465943336], [acc = 88.5292%]  [21247/24000]
Avg Dev loss = 0.430894605736149, acc = 85.0667%  [2552/3000].
--------------------------------------------------------------------------------
Current lr = 0.010000
Epoch [ 32/100] avg [loss = 0.320377222443620], [acc = 88.2750%]  [21186/24000]
Avg Dev loss = 0.432429451297255, acc = 85.9000%  [2577/3000].
--------------------------------------------------------------------------------
Current lr = 0.010000
Epoch [ 33/100] avg [loss = 0.314988590600590], [acc = 88.4875%]  [21237/24000]
Avg Dev loss = 0.435757008480265, acc = 85.6667%  [2570/3000].
--------------------------------------------------------------------------------
Current lr = 0.010000
Epoch [ 34/100] avg [loss = 0.308231744731466], [acc = 88.8458%]  [21323/24000]
Avg Dev loss = 0.424289597158736, acc = 85.7333%  [2572/3000].
--------------------------------------------------------------------------------
Current lr = 0.010000
Epoch [ 35/100] avg [loss = 0.298144581799706], [acc = 88.8250%]  [21318/24000]
Avg Dev loss = 0.423259533545438, acc = 87.1333%  [2614/3000].
Best Dev Acc: 0.8713%
--------------------------------------------------------------------------------
Current lr = 0.010000
Epoch [ 36/100] avg [loss = 0.293609199136496], [acc = 89.1250%]  [21390/24000]
Avg Dev loss = 0.416653991221113, acc = 86.6667%  [2600/3000].
--------------------------------------------------------------------------------
Current lr = 0.010000
Epoch [ 37/100] avg [loss = 0.305179555279513], [acc = 88.6750%]  [21282/24000]
Avg Dev loss = 0.400303907137602, acc = 86.9333%  [2608/3000].
--------------------------------------------------------------------------------
Current lr = 0.010000
Epoch [ 38/100] avg [loss = 0.297370160453022], [acc = 88.9083%]  [21338/24000]
Avg Dev loss = 0.416395325055148, acc = 85.8667%  [2576/3000].
--------------------------------------------------------------------------------
Current lr = 0.010000
Epoch [ 39/100] avg [loss = 0.287926277225216], [acc = 89.2083%]  [21410/24000]
Avg Dev loss = 0.415111272457115, acc = 86.1333%  [2584/3000].
--------------------------------------------------------------------------------
Current lr = 0.010000
Epoch [ 40/100] avg [loss = 0.274459322473034], [acc = 89.7167%]  [21532/24000]
Avg Dev loss = 0.397019892296892, acc = 85.8333%  [2575/3000].
--------------------------------------------------------------------------------
Current lr = 0.010000
Epoch [ 41/100] avg [loss = 0.285917748454027], [acc = 89.3333%]  [21440/24000]
Avg Dev loss = 0.387957163789171, acc = 86.9000%  [2607/3000].
--------------------------------------------------------------------------------
Current lr = 0.010000
Epoch [ 42/100] avg [loss = 0.272456044716140], [acc = 89.7000%]  [21528/24000]
Avg Dev loss = 0.445442247898021, acc = 86.2000%  [2586/3000].
--------------------------------------------------------------------------------
Current lr = 0.010000
Epoch [ 43/100] avg [loss = 0.281600438176343], [acc = 89.5542%]  [21493/24000]
Avg Dev loss = 0.425662655621133, acc = 85.8333%  [2575/3000].
--------------------------------------------------------------------------------
Current lr = 0.010000
Epoch [ 44/100] avg [loss = 0.279492318451405], [acc = 89.8792%]  [21571/24000]
Avg Dev loss = 0.410409504825130, acc = 86.7667%  [2603/3000].
--------------------------------------------------------------------------------
Current lr = 0.010000
Epoch [ 45/100] avg [loss = 0.279893053568900], [acc = 89.8458%]  [21563/24000]
Avg Dev loss = 0.415630952633442, acc = 86.3000%  [2589/3000].
--------------------------------------------------------------------------------
Current lr = 0.010000
Epoch [ 46/100] avg [loss = 0.261864642336964], [acc = 90.0750%]  [21618/24000]
Avg Dev loss = 0.437414077843757, acc = 86.6667%  [2600/3000].
--------------------------------------------------------------------------------
Current lr = 0.010000
Epoch [ 47/100] avg [loss = 0.270364839974791], [acc = 90.0708%]  [21617/24000]
Avg Dev loss = 0.418303602315644, acc = 86.7000%  [2601/3000].
--------------------------------------------------------------------------------
Current lr = 0.010000
Epoch [ 48/100] avg [loss = 0.265685126226395], [acc = 90.2000%]  [21648/24000]
Avg Dev loss = 0.427374985623867, acc = 86.8000%  [2604/3000].
--------------------------------------------------------------------------------
Current lr = 0.010000
Epoch [ 49/100] avg [loss = 0.266347339101135], [acc = 89.9875%]  [21597/24000]
Avg Dev loss = 0.428537456516890, acc = 86.9333%  [2608/3000].
--------------------------------------------------------------------------------
Current lr = 0.010000
Epoch [ 50/100] avg [loss = 0.267765840845803], [acc = 90.2708%]  [21665/24000]
Avg Dev loss = 0.419715960450629, acc = 87.7333%  [2632/3000].
Best Dev Acc: 0.8773%
--------------------------------------------------------------------------------
Current lr = 0.001000
Epoch [ 51/100] avg [loss = 0.201126433905214], [acc = 91.7125%]  [22011/24000]
Avg Dev loss = 0.397247553822842, acc = 86.6667%  [2600/3000].
--------------------------------------------------------------------------------
Current lr = 0.001000
Epoch [ 52/100] avg [loss = 0.180234742128911], [acc = 92.3542%]  [22165/24000]
Avg Dev loss = 0.362255224601386, acc = 87.2667%  [2618/3000].
--------------------------------------------------------------------------------
Current lr = 0.001000
Epoch [ 53/100] avg [loss = 0.167824698961650], [acc = 92.6000%]  [22224/24000]
Avg Dev loss = 0.368332402027668, acc = 87.2667%  [2618/3000].
--------------------------------------------------------------------------------
Current lr = 0.001000
Epoch [ 54/100] avg [loss = 0.161390086461557], [acc = 92.7500%]  [22260/24000]
Avg Dev loss = 0.356144850637685, acc = 86.7000%  [2601/3000].
--------------------------------------------------------------------------------
Current lr = 0.001000
Epoch [ 55/100] avg [loss = 0.149897122257700], [acc = 93.2667%]  [22384/24000]
Avg Dev loss = 0.368560490693818, acc = 86.9333%  [2608/3000].
--------------------------------------------------------------------------------
Current lr = 0.001000
Epoch [ 56/100] avg [loss = 0.146045297765483], [acc = 93.4292%]  [22423/24000]
Avg Dev loss = 0.361811785938892, acc = 87.3000%  [2619/3000].
--------------------------------------------------------------------------------
Current lr = 0.001000
Epoch [ 57/100] avg [loss = 0.140359220467197], [acc = 93.4500%]  [22428/24000]
Avg Dev loss = 0.362086790039184, acc = 87.0000%  [2610/3000].
--------------------------------------------------------------------------------
Current lr = 0.001000
Epoch [ 58/100] avg [loss = 0.140449120499194], [acc = 93.4625%]  [22431/24000]
Avg Dev loss = 0.363341855558943, acc = 87.2333%  [2617/3000].
--------------------------------------------------------------------------------
Current lr = 0.001000
Epoch [ 59/100] avg [loss = 0.137890478827525], [acc = 93.8292%]  [22519/24000]
Avg Dev loss = 0.349423280778401, acc = 87.4667%  [2624/3000].
--------------------------------------------------------------------------------
Current lr = 0.001000
Epoch [ 60/100] avg [loss = 0.128442646678847], [acc = 94.0167%]  [22564/24000]
Avg Dev loss = 0.351930567003945, acc = 87.5000%  [2625/3000].
--------------------------------------------------------------------------------
Current lr = 0.001000
Epoch [ 61/100] avg [loss = 0.127697742375895], [acc = 94.0875%]  [22581/24000]
Avg Dev loss = 0.352285968298291, acc = 87.5000%  [2625/3000].
--------------------------------------------------------------------------------
Current lr = 0.001000
Epoch [ 62/100] avg [loss = 0.128790655529747], [acc = 94.0292%]  [22567/24000]
Avg Dev loss = 0.357116572598511, acc = 87.8000%  [2634/3000].
Best Dev Acc: 0.8780%
--------------------------------------------------------------------------------
Current lr = 0.001000
Epoch [ 63/100] avg [loss = 0.124839642433760], [acc = 93.9542%]  [22549/24000]
Avg Dev loss = 0.356897438460208, acc = 87.0000%  [2610/3000].
--------------------------------------------------------------------------------
Current lr = 0.001000
Epoch [ 64/100] avg [loss = 0.127418069214250], [acc = 94.0792%]  [22579/24000]
Avg Dev loss = 0.342648566244765, acc = 87.7333%  [2632/3000].
--------------------------------------------------------------------------------
Current lr = 0.001000
Epoch [ 65/100] avg [loss = 0.124880893118214], [acc = 94.0125%]  [22563/24000]
Avg Dev loss = 0.362448797699936, acc = 87.3333%  [2620/3000].
--------------------------------------------------------------------------------
Current lr = 0.001000
Epoch [ 66/100] avg [loss = 0.119690847532203], [acc = 94.3417%]  [22642/24000]
Avg Dev loss = 0.361007364070479, acc = 87.6667%  [2630/3000].
--------------------------------------------------------------------------------
Current lr = 0.001000
Epoch [ 67/100] avg [loss = 0.119133326306318], [acc = 94.2500%]  [22620/24000]
Avg Dev loss = 0.356425917449784, acc = 87.8333%  [2635/3000].
Best Dev Acc: 0.8783%
--------------------------------------------------------------------------------
Current lr = 0.001000
Epoch [ 68/100] avg [loss = 0.116007445909626], [acc = 94.4042%]  [22657/24000]
Avg Dev loss = 0.366870992995323, acc = 87.1333%  [2614/3000].
--------------------------------------------------------------------------------
Current lr = 0.001000
Epoch [ 69/100] avg [loss = 0.116808774719946], [acc = 94.3833%]  [22652/24000]
Avg Dev loss = 0.367140283055128, acc = 87.2667%  [2618/3000].
--------------------------------------------------------------------------------
Current lr = 0.001000
Epoch [ 70/100] avg [loss = 0.116780502150999], [acc = 94.4917%]  [22678/24000]
Avg Dev loss = 0.370964774663778, acc = 87.2000%  [2616/3000].
--------------------------------------------------------------------------------
Current lr = 0.001000
Epoch [ 71/100] avg [loss = 0.117941481459576], [acc = 94.3542%]  [22645/24000]
Avg Dev loss = 0.366708225828219, acc = 87.6667%  [2630/3000].
--------------------------------------------------------------------------------
Current lr = 0.001000
Epoch [ 72/100] avg [loss = 0.112738809573842], [acc = 94.5458%]  [22691/24000]
Avg Dev loss = 0.372453470258637, acc = 87.1333%  [2614/3000].
--------------------------------------------------------------------------------
Current lr = 0.001000
Epoch [ 73/100] avg [loss = 0.110774230783223], [acc = 94.6792%]  [22723/24000]
Avg Dev loss = 0.381511709672656, acc = 87.2667%  [2618/3000].
--------------------------------------------------------------------------------
Current lr = 0.001000
Epoch [ 74/100] avg [loss = 0.108436553100434], [acc = 94.6750%]  [22722/24000]
Avg Dev loss = 0.372592560114696, acc = 87.3667%  [2621/3000].
--------------------------------------------------------------------------------
Current lr = 0.001000
Epoch [ 75/100] avg [loss = 0.112925254626335], [acc = 94.6458%]  [22715/24000]
Avg Dev loss = 0.372877246601151, acc = 87.7667%  [2633/3000].
--------------------------------------------------------------------------------
Current lr = 0.001000
Epoch [ 76/100] avg [loss = 0.109110026040114], [acc = 94.6833%]  [22724/24000]
Avg Dev loss = 0.357863690347430, acc = 87.4000%  [2622/3000].
--------------------------------------------------------------------------------
Current lr = 0.001000
Epoch [ 77/100] avg [loss = 0.108483767084680], [acc = 94.7708%]  [22745/24000]
Avg Dev loss = 0.369229638314944, acc = 87.4333%  [2623/3000].
--------------------------------------------------------------------------------
Current lr = 0.001000
Epoch [ 78/100] avg [loss = 0.108058618387130], [acc = 94.9708%]  [22793/24000]
Avg Dev loss = 0.370667269691191, acc = 87.2667%  [2618/3000].
--------------------------------------------------------------------------------
Current lr = 0.001000
Epoch [ 79/100] avg [loss = 0.103059860399614], [acc = 94.9542%]  [22789/24000]
Avg Dev loss = 0.372868317278459, acc = 87.2667%  [2618/3000].
--------------------------------------------------------------------------------
Current lr = 0.001000
Epoch [ 80/100] avg [loss = 0.103572809271262], [acc = 95.0292%]  [22807/24000]
Avg Dev loss = 0.379424641344775, acc = 87.2333%  [2617/3000].
--------------------------------------------------------------------------------
Current lr = 0.001000
Epoch [ 81/100] avg [loss = 0.106350819154720], [acc = 94.8083%]  [22754/24000]
Avg Dev loss = 0.377311818103524, acc = 87.0667%  [2612/3000].
--------------------------------------------------------------------------------
Current lr = 0.001000
Epoch [ 82/100] avg [loss = 0.101922380722826], [acc = 95.0458%]  [22811/24000]
Avg Dev loss = 0.369614599232978, acc = 87.5333%  [2626/3000].
--------------------------------------------------------------------------------
Current lr = 0.001000
Epoch [ 83/100] avg [loss = 0.101569126915808], [acc = 95.2000%]  [22848/24000]
Avg Dev loss = 0.375153066828213, acc = 87.3667%  [2621/3000].
--------------------------------------------------------------------------------
Current lr = 0.001000
Epoch [ 84/100] avg [loss = 0.102116991181933], [acc = 95.1083%]  [22826/24000]
Avg Dev loss = 0.380422955616675, acc = 87.7000%  [2631/3000].
--------------------------------------------------------------------------------
Current lr = 0.001000
Epoch [ 85/100] avg [loss = 0.099268809079658], [acc = 95.2833%]  [22868/24000]
Avg Dev loss = 0.379721339276814, acc = 87.5000%  [2625/3000].
--------------------------------------------------------------------------------
Current lr = 0.001000
Epoch [ 86/100] avg [loss = 0.100506793364805], [acc = 95.2917%]  [22870/24000]
Avg Dev loss = 0.386927568135744, acc = 87.5333%  [2626/3000].
--------------------------------------------------------------------------------
Current lr = 0.001000
Epoch [ 87/100] avg [loss = 0.095975233218555], [acc = 95.2250%]  [22854/24000]
Avg Dev loss = 0.377844088294722, acc = 87.2000%  [2616/3000].
--------------------------------------------------------------------------------
Current lr = 0.001000
Epoch [ 88/100] avg [loss = 0.098763909720040], [acc = 95.3083%]  [22874/24000]
Avg Dev loss = 0.385698362630099, acc = 87.3667%  [2621/3000].
--------------------------------------------------------------------------------
Current lr = 0.001000
Epoch [ 89/100] avg [loss = 0.095125193278305], [acc = 95.2958%]  [22871/24000]
Avg Dev loss = 0.378972226595308, acc = 87.4667%  [2624/3000].
--------------------------------------------------------------------------------
Current lr = 0.001000
Epoch [ 90/100] avg [loss = 0.098118608728750], [acc = 95.2750%]  [22866/24000]
Avg Dev loss = 0.382162025911694, acc = 87.2667%  [2618/3000].
--------------------------------------------------------------------------------
Current lr = 0.001000
Epoch [ 91/100] avg [loss = 0.097667227036009], [acc = 95.3250%]  [22878/24000]
Avg Dev loss = 0.371872964216040, acc = 87.5667%  [2627/3000].
--------------------------------------------------------------------------------
Current lr = 0.001000
Epoch [ 92/100] avg [loss = 0.093040918882781], [acc = 95.3708%]  [22889/24000]
Avg Dev loss = 0.376871382025011, acc = 87.4667%  [2624/3000].
--------------------------------------------------------------------------------
Current lr = 0.001000
Epoch [ 93/100] avg [loss = 0.093132034477312], [acc = 95.4917%]  [22918/24000]
Avg Dev loss = 0.381354599081455, acc = 87.4667%  [2624/3000].
--------------------------------------------------------------------------------
Current lr = 0.001000
Epoch [ 94/100] avg [loss = 0.094862874388850], [acc = 95.4875%]  [22917/24000]
Avg Dev loss = 0.379771938666384, acc = 87.6333%  [2629/3000].
--------------------------------------------------------------------------------
Current lr = 0.001000
Epoch [ 95/100] avg [loss = 0.094105486288405], [acc = 95.4708%]  [22913/24000]
Avg Dev loss = 0.387276245399993, acc = 87.3667%  [2621/3000].
--------------------------------------------------------------------------------
Current lr = 0.001000
Epoch [ 96/100] avg [loss = 0.094308988777222], [acc = 95.4833%]  [22916/24000]
Avg Dev loss = 0.393312804242398, acc = 87.3667%  [2621/3000].
--------------------------------------------------------------------------------
Current lr = 0.001000
Epoch [ 97/100] avg [loss = 0.095472057924606], [acc = 95.4875%]  [22917/24000]
Avg Dev loss = 0.381015839610011, acc = 87.3000%  [2619/3000].
--------------------------------------------------------------------------------
Current lr = 0.001000
Epoch [ 98/100] avg [loss = 0.091460677166867], [acc = 95.5792%]  [22939/24000]
Avg Dev loss = 0.385221725924218, acc = 87.5667%  [2627/3000].
--------------------------------------------------------------------------------
Current lr = 0.001000
Epoch [ 99/100] avg [loss = 0.093202252329482], [acc = 95.5917%]  [22942/24000]
Avg Dev loss = 0.379965299264865, acc = 87.5000%  [2625/3000].
--------------------------------------------------------------------------------
Current lr = 0.001000
Epoch [100/100] avg [loss = 0.087638218344927], [acc = 95.7000%]  [22968/24000]
Avg Dev loss = 0.401349333570676, acc = 87.1667%  [2615/3000].
Test data = 85.7000%  [2571/3000]
