Train: (16000, 76)
Val: (2000, 76)
Test: (2000, 76)
--------------------------------------------------------------------------------
Current lr = 0.010000
Epoch [  1/150] avg [loss = 0.779465432405472], [acc = 74.7500%]  [11960/16000]
Avg Dev loss = 0.464381126184312, acc = 83.1500%  [1663/2000].
Best Dev Acc: 0.8315%
--------------------------------------------------------------------------------
Current lr = 0.010000
Epoch [  2/150] avg [loss = 0.572991121709346], [acc = 81.0063%]  [12961/16000]
Avg Dev loss = 0.446181552514197, acc = 84.1000%  [1682/2000].
Best Dev Acc: 0.8410%
--------------------------------------------------------------------------------
Current lr = 0.010000
Epoch [  3/150] avg [loss = 0.504287005305290], [acc = 82.9688%]  [13275/16000]
Avg Dev loss = 0.430679200660615, acc = 84.2500%  [1685/2000].
Best Dev Acc: 0.8425%
--------------------------------------------------------------------------------
Current lr = 0.010000
Epoch [  4/150] avg [loss = 0.467911567986012], [acc = 84.2500%]  [13480/16000]
Avg Dev loss = 0.394851753399486, acc = 85.7500%  [1715/2000].
Best Dev Acc: 0.8575%
--------------------------------------------------------------------------------
Current lr = 0.010000
Epoch [  5/150] avg [loss = 0.435544386878609], [acc = 85.4375%]  [13670/16000]
Avg Dev loss = 0.404931537215672, acc = 86.1500%  [1723/2000].
Best Dev Acc: 0.8615%
--------------------------------------------------------------------------------
Current lr = 0.010000
Epoch [  6/150] avg [loss = 0.417976331278682], [acc = 85.8500%]  [13736/16000]
Avg Dev loss = 0.385443940403916, acc = 85.9000%  [1718/2000].
--------------------------------------------------------------------------------
Current lr = 0.010000
Epoch [  7/150] avg [loss = 0.393683662056923], [acc = 86.9750%]  [13916/16000]
Avg Dev loss = 0.391213703723181, acc = 85.4500%  [1709/2000].
--------------------------------------------------------------------------------
Current lr = 0.010000
Epoch [  8/150] avg [loss = 0.378172650188208], [acc = 87.1625%]  [13946/16000]
Avg Dev loss = 0.381727518306838, acc = 86.2500%  [1725/2000].
Best Dev Acc: 0.8625%
--------------------------------------------------------------------------------
Current lr = 0.010000
Epoch [  9/150] avg [loss = 0.361145302668214], [acc = 87.4375%]  [13990/16000]
Avg Dev loss = 0.387886649677678, acc = 86.5000%  [1730/2000].
Best Dev Acc: 0.8650%
--------------------------------------------------------------------------------
Current lr = 0.010000
Epoch [ 10/150] avg [loss = 0.349570234537125], [acc = 87.9625%]  [14074/16000]
Avg Dev loss = 0.376259996127042, acc = 86.1500%  [1723/2000].
--------------------------------------------------------------------------------
Current lr = 0.010000
Epoch [ 11/150] avg [loss = 0.335118166588247], [acc = 88.6125%]  [14178/16000]
Avg Dev loss = 0.389519912146387, acc = 86.7000%  [1734/2000].
Best Dev Acc: 0.8670%
--------------------------------------------------------------------------------
Current lr = 0.010000
Epoch [ 12/150] avg [loss = 0.320542490966618], [acc = 89.1938%]  [14271/16000]
Avg Dev loss = 0.401673519658664, acc = 86.1500%  [1723/2000].
--------------------------------------------------------------------------------
Current lr = 0.010000
Epoch [ 13/150] avg [loss = 0.300115541718900], [acc = 89.7250%]  [14356/16000]
Avg Dev loss = 0.399758711812042, acc = 86.4000%  [1728/2000].
--------------------------------------------------------------------------------
Current lr = 0.010000
Epoch [ 14/150] avg [loss = 0.291785910539329], [acc = 90.2313%]  [14437/16000]
Avg Dev loss = 0.416266452580217, acc = 86.0500%  [1721/2000].
--------------------------------------------------------------------------------
Current lr = 0.010000
Epoch [ 15/150] avg [loss = 0.278274784430862], [acc = 90.3250%]  [14452/16000]
Avg Dev loss = 0.411381507203693, acc = 86.7000%  [1734/2000].
--------------------------------------------------------------------------------
Current lr = 0.010000
Epoch [ 16/150] avg [loss = 0.273967787429691], [acc = 90.5438%]  [14487/16000]
Avg Dev loss = 0.433352150673431, acc = 86.4500%  [1729/2000].
--------------------------------------------------------------------------------
Current lr = 0.010000
Epoch [ 17/150] avg [loss = 0.257200638964772], [acc = 91.0938%]  [14575/16000]
Avg Dev loss = 0.446522842087443, acc = 85.7500%  [1715/2000].
--------------------------------------------------------------------------------
Current lr = 0.010000
Epoch [ 18/150] avg [loss = 0.244647833593190], [acc = 91.4312%]  [14629/16000]
Avg Dev loss = 0.403770814043662, acc = 87.2000%  [1744/2000].
Best Dev Acc: 0.8720%
--------------------------------------------------------------------------------
Current lr = 0.010000
Epoch [ 19/150] avg [loss = 0.232983026536182], [acc = 91.9813%]  [14717/16000]
Avg Dev loss = 0.459698691018044, acc = 86.4000%  [1728/2000].
--------------------------------------------------------------------------------
Current lr = 0.010000
Epoch [ 20/150] avg [loss = 0.222333057247102], [acc = 92.2313%]  [14757/16000]
Avg Dev loss = 0.465371941940652, acc = 86.5500%  [1731/2000].
--------------------------------------------------------------------------------
Current lr = 0.010000
Epoch [ 21/150] avg [loss = 0.221084800936282], [acc = 92.3625%]  [14778/16000]
Avg Dev loss = 0.436071312025426, acc = 87.2000%  [1744/2000].
--------------------------------------------------------------------------------
Current lr = 0.010000
Epoch [ 22/150] avg [loss = 0.210238025732338], [acc = 92.6875%]  [14830/16000]
Avg Dev loss = 0.438711889354246, acc = 87.6500%  [1753/2000].
Best Dev Acc: 0.8765%
--------------------------------------------------------------------------------
Current lr = 0.010000
Epoch [ 23/150] avg [loss = 0.197556345079094], [acc = 93.1937%]  [14911/16000]
Avg Dev loss = 0.468330333807639, acc = 86.8000%  [1736/2000].
--------------------------------------------------------------------------------
Current lr = 0.010000
Epoch [ 24/150] avg [loss = 0.190357268096879], [acc = 93.4937%]  [14959/16000]
Avg Dev loss = 0.467537125838654, acc = 86.2000%  [1724/2000].
--------------------------------------------------------------------------------
Current lr = 0.010000
Epoch [ 25/150] avg [loss = 0.188229025833309], [acc = 93.6187%]  [14979/16000]
Avg Dev loss = 0.431313559531219, acc = 87.1500%  [1743/2000].
--------------------------------------------------------------------------------
Current lr = 0.010000
Epoch [ 26/150] avg [loss = 0.171686728826724], [acc = 94.0562%]  [15049/16000]
Avg Dev loss = 0.462757161921925, acc = 86.6000%  [1732/2000].
--------------------------------------------------------------------------------
Current lr = 0.010000
Epoch [ 27/150] avg [loss = 0.169133011907339], [acc = 94.0938%]  [15055/16000]
Avg Dev loss = 0.490864808597262, acc = 88.0500%  [1761/2000].
Best Dev Acc: 0.8805%
--------------------------------------------------------------------------------
Current lr = 0.010000
Epoch [ 28/150] avg [loss = 0.156332682333887], [acc = 94.7875%]  [15166/16000]
Avg Dev loss = 0.539440450435948, acc = 87.0000%  [1740/2000].
--------------------------------------------------------------------------------
Current lr = 0.010000
Epoch [ 29/150] avg [loss = 0.152760019835085], [acc = 94.6875%]  [15150/16000]
Avg Dev loss = 0.547907184158999, acc = 86.4000%  [1728/2000].
--------------------------------------------------------------------------------
Current lr = 0.010000
Epoch [ 30/150] avg [loss = 0.168402483226731], [acc = 94.4500%]  [15112/16000]
Avg Dev loss = 0.510819824087241, acc = 87.0000%  [1740/2000].
--------------------------------------------------------------------------------
Current lr = 0.010000
Epoch [ 31/150] avg [loss = 0.145446987512521], [acc = 95.0375%]  [15206/16000]
Avg Dev loss = 0.475453720324569, acc = 87.4000%  [1748/2000].
--------------------------------------------------------------------------------
Current lr = 0.010000
Epoch [ 32/150] avg [loss = 0.143359986709431], [acc = 95.0938%]  [15215/16000]
Avg Dev loss = 0.469144109252190, acc = 87.4000%  [1748/2000].
--------------------------------------------------------------------------------
Current lr = 0.010000
Epoch [ 33/150] avg [loss = 0.130195511643775], [acc = 95.6000%]  [15296/16000]
Avg Dev loss = 0.537229051074338, acc = 86.9000%  [1738/2000].
--------------------------------------------------------------------------------
Current lr = 0.010000
Epoch [ 34/150] avg [loss = 0.128559051458724], [acc = 95.5688%]  [15291/16000]
Avg Dev loss = 0.540808087111347, acc = 87.4500%  [1749/2000].
--------------------------------------------------------------------------------
Current lr = 0.010000
Epoch [ 35/150] avg [loss = 0.131388835055288], [acc = 95.5812%]  [15293/16000]
Avg Dev loss = 0.535988692903802, acc = 87.6000%  [1752/2000].
--------------------------------------------------------------------------------
Current lr = 0.010000
Epoch [ 36/150] avg [loss = 0.116785523000173], [acc = 96.1625%]  [15386/16000]
Avg Dev loss = 0.604125300097087, acc = 86.9000%  [1738/2000].
--------------------------------------------------------------------------------
Current lr = 0.010000
Epoch [ 37/150] avg [loss = 0.120727684910409], [acc = 96.0500%]  [15368/16000]
Avg Dev loss = 0.565565419841617, acc = 86.4500%  [1729/2000].
--------------------------------------------------------------------------------
Current lr = 0.010000
Epoch [ 38/150] avg [loss = 0.124479086963227], [acc = 95.9375%]  [15350/16000]
Avg Dev loss = 0.561932442561975, acc = 86.4000%  [1728/2000].
--------------------------------------------------------------------------------
Current lr = 0.010000
Epoch [ 39/150] avg [loss = 0.112570808644407], [acc = 96.3875%]  [15422/16000]
Avg Dev loss = 0.596417136963398, acc = 87.1000%  [1742/2000].
--------------------------------------------------------------------------------
Current lr = 0.010000
Epoch [ 40/150] avg [loss = 0.110706186778610], [acc = 96.4188%]  [15427/16000]
Avg Dev loss = 0.545190020804368, acc = 86.7500%  [1735/2000].
--------------------------------------------------------------------------------
Current lr = 0.010000
Epoch [ 41/150] avg [loss = 0.107245589612983], [acc = 96.4313%]  [15429/16000]
Avg Dev loss = 0.580503201289546, acc = 86.8000%  [1736/2000].
--------------------------------------------------------------------------------
Current lr = 0.010000
Epoch [ 42/150] avg [loss = 0.107223742591683], [acc = 96.4375%]  [15430/16000]
Avg Dev loss = 0.594690450186294, acc = 87.6000%  [1752/2000].
--------------------------------------------------------------------------------
Current lr = 0.010000
Epoch [ 43/150] avg [loss = 0.106191000923514], [acc = 96.5812%]  [15453/16000]
Avg Dev loss = 0.653867330069521, acc = 86.8000%  [1736/2000].
--------------------------------------------------------------------------------
Current lr = 0.010000
Epoch [ 44/150] avg [loss = 0.111053761113435], [acc = 96.3375%]  [15414/16000]
Avg Dev loss = 0.620146145452819, acc = 86.4000%  [1728/2000].
--------------------------------------------------------------------------------
Current lr = 0.010000
Epoch [ 45/150] avg [loss = 0.101039336091606], [acc = 96.5812%]  [15453/16000]
Avg Dev loss = 0.605109460060558, acc = 87.5000%  [1750/2000].
--------------------------------------------------------------------------------
Current lr = 0.010000
Epoch [ 46/150] avg [loss = 0.098178862387780], [acc = 96.8438%]  [15495/16000]
Avg Dev loss = 0.562726671585725, acc = 87.9500%  [1759/2000].
--------------------------------------------------------------------------------
Current lr = 0.010000
Epoch [ 47/150] avg [loss = 0.095094473329373], [acc = 96.9562%]  [15513/16000]
Avg Dev loss = 0.618539907341261, acc = 87.4000%  [1748/2000].
--------------------------------------------------------------------------------
Current lr = 0.010000
Epoch [ 48/150] avg [loss = 0.096852157627582], [acc = 96.6812%]  [15469/16000]
Avg Dev loss = 0.551623416946284, acc = 87.4500%  [1749/2000].
--------------------------------------------------------------------------------
Current lr = 0.010000
Epoch [ 49/150] avg [loss = 0.090172431034269], [acc = 97.0750%]  [15532/16000]
Avg Dev loss = 0.620688297504943, acc = 87.3000%  [1746/2000].
--------------------------------------------------------------------------------
Current lr = 0.010000
Epoch [ 50/150] avg [loss = 0.091909738998860], [acc = 96.9188%]  [15507/16000]
Avg Dev loss = 0.683251901418858, acc = 86.9500%  [1739/2000].
--------------------------------------------------------------------------------
Current lr = 0.001000
Epoch [ 51/150] avg [loss = 0.059687885155319], [acc = 98.1562%]  [15705/16000]
Avg Dev loss = 0.673897906077198, acc = 87.2000%  [1744/2000].
--------------------------------------------------------------------------------
Current lr = 0.001000
Epoch [ 52/150] avg [loss = 0.048722908102209], [acc = 98.4938%]  [15759/16000]
Avg Dev loss = 0.668436121287948, acc = 87.9000%  [1758/2000].
--------------------------------------------------------------------------------
Current lr = 0.001000
Epoch [ 53/150] avg [loss = 0.038122783307335], [acc = 98.6938%]  [15791/16000]
Avg Dev loss = 0.706247407311042, acc = 87.3000%  [1746/2000].
--------------------------------------------------------------------------------
Current lr = 0.001000
Epoch [ 54/150] avg [loss = 0.036145747634117], [acc = 98.8250%]  [15812/16000]
Avg Dev loss = 0.704214988029673, acc = 87.1000%  [1742/2000].
--------------------------------------------------------------------------------
Current lr = 0.001000
Epoch [ 55/150] avg [loss = 0.036261655915587], [acc = 98.8312%]  [15813/16000]
Avg Dev loss = 0.707577121344262, acc = 87.6000%  [1752/2000].
--------------------------------------------------------------------------------
Current lr = 0.001000
Epoch [ 56/150] avg [loss = 0.027693618370016], [acc = 99.0563%]  [15849/16000]
Avg Dev loss = 0.730123400844778, acc = 87.7500%  [1755/2000].
--------------------------------------------------------------------------------
Current lr = 0.001000
Epoch [ 57/150] avg [loss = 0.026752627069727], [acc = 99.1000%]  [15856/16000]
Avg Dev loss = 0.776683626841063, acc = 87.4500%  [1749/2000].
--------------------------------------------------------------------------------
Current lr = 0.001000
Epoch [ 58/150] avg [loss = 0.026306214796801], [acc = 99.1250%]  [15860/16000]
Avg Dev loss = 0.771399987007340, acc = 87.8000%  [1756/2000].
--------------------------------------------------------------------------------
Current lr = 0.001000
Epoch [ 59/150] avg [loss = 0.025598422559953], [acc = 99.1188%]  [15859/16000]
Avg Dev loss = 0.800131163719232, acc = 87.7000%  [1754/2000].
--------------------------------------------------------------------------------
Current lr = 0.001000
Epoch [ 60/150] avg [loss = 0.025341026122434], [acc = 99.2000%]  [15872/16000]
Avg Dev loss = 0.793234633657174, acc = 87.5500%  [1751/2000].
--------------------------------------------------------------------------------
Current lr = 0.001000
Epoch [ 61/150] avg [loss = 0.023652671823293], [acc = 99.2000%]  [15872/16000]
Avg Dev loss = 0.790072781078855, acc = 88.0500%  [1761/2000].
--------------------------------------------------------------------------------
Current lr = 0.001000
Epoch [ 62/150] avg [loss = 0.023937370806758], [acc = 99.2500%]  [15880/16000]
Avg Dev loss = 0.794666894093675, acc = 87.6500%  [1753/2000].
--------------------------------------------------------------------------------
Current lr = 0.001000
Epoch [ 63/150] avg [loss = 0.025066416262460], [acc = 99.0688%]  [15851/16000]
Avg Dev loss = 0.810724804763653, acc = 87.2000%  [1744/2000].
--------------------------------------------------------------------------------
Current lr = 0.001000
Epoch [ 64/150] avg [loss = 0.019227793473234], [acc = 99.3438%]  [15895/16000]
Avg Dev loss = 0.811701219531685, acc = 87.7000%  [1754/2000].
--------------------------------------------------------------------------------
Current lr = 0.001000
Epoch [ 65/150] avg [loss = 0.020976411279553], [acc = 99.3375%]  [15894/16000]
Avg Dev loss = 0.832732459535778, acc = 87.4500%  [1749/2000].
--------------------------------------------------------------------------------
Current lr = 0.001000
Epoch [ 66/150] avg [loss = 0.020543256791338], [acc = 99.3250%]  [15892/16000]
Avg Dev loss = 0.836081259135325, acc = 87.6500%  [1753/2000].
--------------------------------------------------------------------------------
Current lr = 0.001000
Epoch [ 67/150] avg [loss = 0.019593390686008], [acc = 99.3313%]  [15893/16000]
Avg Dev loss = 0.862112519914508, acc = 87.4000%  [1748/2000].
--------------------------------------------------------------------------------
Current lr = 0.001000
Epoch [ 68/150] avg [loss = 0.019384139713620], [acc = 99.4188%]  [15907/16000]
Avg Dev loss = 0.862623450465594, acc = 87.4500%  [1749/2000].
--------------------------------------------------------------------------------
Current lr = 0.001000
Epoch [ 69/150] avg [loss = 0.018856526734693], [acc = 99.3375%]  [15894/16000]
Avg Dev loss = 0.830875732118748, acc = 87.5500%  [1751/2000].
--------------------------------------------------------------------------------
Current lr = 0.001000
Epoch [ 70/150] avg [loss = 0.018402978371472], [acc = 99.4313%]  [15909/16000]
Avg Dev loss = 0.864668212083329, acc = 87.5000%  [1750/2000].
--------------------------------------------------------------------------------
Current lr = 0.001000
Epoch [ 71/150] avg [loss = 0.015602811292396], [acc = 99.5000%]  [15920/16000]
Avg Dev loss = 0.857870092907332, acc = 87.6000%  [1752/2000].
--------------------------------------------------------------------------------
Current lr = 0.001000
Epoch [ 72/150] avg [loss = 0.017908418355270], [acc = 99.4437%]  [15911/16000]
Avg Dev loss = 0.843405036734545, acc = 87.6500%  [1753/2000].
--------------------------------------------------------------------------------
Current lr = 0.001000
Epoch [ 73/150] avg [loss = 0.017999495723334], [acc = 99.3812%]  [15901/16000]
Avg Dev loss = 0.828542453645775, acc = 87.6000%  [1752/2000].
--------------------------------------------------------------------------------
Current lr = 0.001000
Epoch [ 74/150] avg [loss = 0.015629597941494], [acc = 99.4375%]  [15910/16000]
Avg Dev loss = 0.873916622153682, acc = 87.7000%  [1754/2000].
--------------------------------------------------------------------------------
Current lr = 0.001000
Epoch [ 75/150] avg [loss = 0.018261562070853], [acc = 99.4750%]  [15916/16000]
Avg Dev loss = 0.846865367025159, acc = 87.4000%  [1748/2000].
--------------------------------------------------------------------------------
Current lr = 0.001000
Epoch [ 76/150] avg [loss = 0.012752998105418], [acc = 99.5812%]  [15933/16000]
Avg Dev loss = 0.884654467028754, acc = 87.5000%  [1750/2000].
--------------------------------------------------------------------------------
Current lr = 0.001000
Epoch [ 77/150] avg [loss = 0.014243752580360], [acc = 99.5375%]  [15926/16000]
Avg Dev loss = 0.906730245754246, acc = 87.2000%  [1744/2000].
--------------------------------------------------------------------------------
Current lr = 0.001000
Epoch [ 78/150] avg [loss = 0.014956529705896], [acc = 99.5250%]  [15924/16000]
Avg Dev loss = 0.893819388726750, acc = 87.5000%  [1750/2000].
--------------------------------------------------------------------------------
Current lr = 0.001000
Epoch [ 79/150] avg [loss = 0.014159037841882], [acc = 99.5500%]  [15928/16000]
Avg Dev loss = 0.867683293378731, acc = 87.9000%  [1758/2000].
--------------------------------------------------------------------------------
Current lr = 0.001000
Epoch [ 80/150] avg [loss = 0.014926968248335], [acc = 99.5062%]  [15921/16000]
Avg Dev loss = 0.895057906231303, acc = 87.7500%  [1755/2000].
--------------------------------------------------------------------------------
Current lr = 0.001000
Epoch [ 81/150] avg [loss = 0.014892966507014], [acc = 99.5563%]  [15929/16000]
Avg Dev loss = 0.908371246468815, acc = 87.5500%  [1751/2000].
--------------------------------------------------------------------------------
Current lr = 0.001000
Epoch [ 82/150] avg [loss = 0.014482471282063], [acc = 99.4938%]  [15919/16000]
Avg Dev loss = 0.862262562960077, acc = 87.5500%  [1751/2000].
--------------------------------------------------------------------------------
Current lr = 0.001000
Epoch [ 83/150] avg [loss = 0.014561139932099], [acc = 99.5187%]  [15923/16000]
Avg Dev loss = 0.904978843646065, acc = 87.6000%  [1752/2000].
--------------------------------------------------------------------------------
Current lr = 0.001000
Epoch [ 84/150] avg [loss = 0.015753591420227], [acc = 99.5062%]  [15921/16000]
Avg Dev loss = 0.880974661025527, acc = 87.8000%  [1756/2000].
--------------------------------------------------------------------------------
Current lr = 0.001000
Epoch [ 85/150] avg [loss = 0.011956858565361], [acc = 99.6562%]  [15945/16000]
Avg Dev loss = 0.881280005399492, acc = 88.2000%  [1764/2000].
Best Dev Acc: 0.8820%
--------------------------------------------------------------------------------
Current lr = 0.001000
Epoch [ 86/150] avg [loss = 0.012349530368469], [acc = 99.6375%]  [15942/16000]
Avg Dev loss = 0.956646901423814, acc = 87.1000%  [1742/2000].
--------------------------------------------------------------------------------
Current lr = 0.001000
Epoch [ 87/150] avg [loss = 0.012233615098296], [acc = 99.6250%]  [15940/16000]
Avg Dev loss = 0.907511193782464, acc = 88.5000%  [1770/2000].
Best Dev Acc: 0.8850%
--------------------------------------------------------------------------------
Current lr = 0.001000
Epoch [ 88/150] avg [loss = 0.011055265459596], [acc = 99.6500%]  [15944/16000]
Avg Dev loss = 0.963154576131072, acc = 87.3500%  [1747/2000].
--------------------------------------------------------------------------------
Current lr = 0.001000
Epoch [ 89/150] avg [loss = 0.013448046379453], [acc = 99.5500%]  [15928/16000]
Avg Dev loss = 0.967587480135816, acc = 87.6500%  [1753/2000].
--------------------------------------------------------------------------------
Current lr = 0.001000
Epoch [ 90/150] avg [loss = 0.013162404980231], [acc = 99.5750%]  [15932/16000]
Avg Dev loss = 0.924624475422856, acc = 87.8000%  [1756/2000].
--------------------------------------------------------------------------------
Current lr = 0.001000
Epoch [ 91/150] avg [loss = 0.015770280748996], [acc = 99.5312%]  [15925/16000]
Avg Dev loss = 0.895983571736112, acc = 87.9000%  [1758/2000].
--------------------------------------------------------------------------------
Current lr = 0.001000
Epoch [ 92/150] avg [loss = 0.012629530998536], [acc = 99.6687%]  [15947/16000]
Avg Dev loss = 0.947172440969365, acc = 87.9000%  [1758/2000].
--------------------------------------------------------------------------------
Current lr = 0.001000
Epoch [ 93/150] avg [loss = 0.010231110546207], [acc = 99.6437%]  [15943/16000]
Avg Dev loss = 0.978293596844499, acc = 87.8500%  [1757/2000].
--------------------------------------------------------------------------------
Current lr = 0.001000
Epoch [ 94/150] avg [loss = 0.011662705371785], [acc = 99.5938%]  [15935/16000]
Avg Dev loss = 0.947971095926718, acc = 87.7500%  [1755/2000].
--------------------------------------------------------------------------------
Current lr = 0.001000
Epoch [ 95/150] avg [loss = 0.012632315830004], [acc = 99.5625%]  [15930/16000]
Avg Dev loss = 0.934305365834758, acc = 87.9000%  [1758/2000].
--------------------------------------------------------------------------------
Current lr = 0.001000
Epoch [ 96/150] avg [loss = 0.012046489386958], [acc = 99.6687%]  [15947/16000]
Avg Dev loss = 0.945823064006243, acc = 87.9500%  [1759/2000].
--------------------------------------------------------------------------------
Current lr = 0.001000
Epoch [ 97/150] avg [loss = 0.011483369659563], [acc = 99.6250%]  [15940/16000]
Avg Dev loss = 0.876275302167328, acc = 88.5000%  [1770/2000].
--------------------------------------------------------------------------------
Current lr = 0.001000
Epoch [ 98/150] avg [loss = 0.009605234404322], [acc = 99.7000%]  [15952/16000]
Avg Dev loss = 0.986200522767802, acc = 87.5500%  [1751/2000].
--------------------------------------------------------------------------------
Current lr = 0.001000
Epoch [ 99/150] avg [loss = 0.010232193958393], [acc = 99.7125%]  [15954/16000]
Avg Dev loss = 0.972382591279350, acc = 87.9500%  [1759/2000].
--------------------------------------------------------------------------------
Current lr = 0.001000
Epoch [100/150] avg [loss = 0.012103503043814], [acc = 99.6063%]  [15937/16000]
Avg Dev loss = 0.965249947377684, acc = 87.6500%  [1753/2000].
--------------------------------------------------------------------------------
Current lr = 0.000100
Epoch [101/150] avg [loss = 0.013688411774559], [acc = 99.5625%]  [15930/16000]
Avg Dev loss = 0.953318775441389, acc = 87.9000%  [1758/2000].
--------------------------------------------------------------------------------
Current lr = 0.000100
Epoch [102/150] avg [loss = 0.010799715557217], [acc = 99.6625%]  [15946/16000]
Avg Dev loss = 0.946431777794339, acc = 87.7500%  [1755/2000].
--------------------------------------------------------------------------------
Current lr = 0.000100
Epoch [103/150] avg [loss = 0.010365183817847], [acc = 99.6313%]  [15941/16000]
Avg Dev loss = 0.971947995020032, acc = 87.7500%  [1755/2000].
--------------------------------------------------------------------------------
Current lr = 0.000100
Epoch [104/150] avg [loss = 0.009055479111195], [acc = 99.7000%]  [15952/16000]
Avg Dev loss = 0.952912117140970, acc = 88.0500%  [1761/2000].
--------------------------------------------------------------------------------
Current lr = 0.000100
Epoch [105/150] avg [loss = 0.011352694993515], [acc = 99.6063%]  [15937/16000]
Avg Dev loss = 0.924786605174819, acc = 88.1500%  [1763/2000].
--------------------------------------------------------------------------------
Current lr = 0.000100
Epoch [106/150] avg [loss = 0.011114860059421], [acc = 99.6875%]  [15950/16000]
Avg Dev loss = 0.946389891913563, acc = 88.0500%  [1761/2000].
--------------------------------------------------------------------------------
Current lr = 0.000100
Epoch [107/150] avg [loss = 0.008563439209617], [acc = 99.7000%]  [15952/16000]
Avg Dev loss = 0.922409648824200, acc = 87.9500%  [1759/2000].
--------------------------------------------------------------------------------
Current lr = 0.000100
Epoch [108/150] avg [loss = 0.008745099241736], [acc = 99.7500%]  [15960/16000]
Avg Dev loss = 0.918217947211642, acc = 88.2000%  [1764/2000].
--------------------------------------------------------------------------------
Current lr = 0.000100
Epoch [109/150] avg [loss = 0.008564649549338], [acc = 99.7000%]  [15952/16000]
Avg Dev loss = 0.943290701435087, acc = 87.8000%  [1756/2000].
--------------------------------------------------------------------------------
Current lr = 0.000100
Epoch [110/150] avg [loss = 0.009699160115106], [acc = 99.7313%]  [15957/16000]
Avg Dev loss = 0.928345606822058, acc = 88.2500%  [1765/2000].
--------------------------------------------------------------------------------
Current lr = 0.000100
Epoch [111/150] avg [loss = 0.009943650790370], [acc = 99.7437%]  [15959/16000]
Avg Dev loss = 0.946530436609204, acc = 88.2000%  [1764/2000].
--------------------------------------------------------------------------------
Current lr = 0.000100
Epoch [112/150] avg [loss = 0.009017538382050], [acc = 99.7437%]  [15959/16000]
Avg Dev loss = 0.937302708687725, acc = 87.9000%  [1758/2000].
--------------------------------------------------------------------------------
Current lr = 0.000100
Epoch [113/150] avg [loss = 0.010610288734969], [acc = 99.6813%]  [15949/16000]
Avg Dev loss = 0.919620065017264, acc = 88.2500%  [1765/2000].
--------------------------------------------------------------------------------
Current lr = 0.000100
Epoch [114/150] avg [loss = 0.009629881999488], [acc = 99.6875%]  [15950/16000]
Avg Dev loss = 0.956789553650615, acc = 88.0000%  [1760/2000].
--------------------------------------------------------------------------------
Current lr = 0.000100
Epoch [115/150] avg [loss = 0.010943635760509], [acc = 99.6500%]  [15944/16000]
Avg Dev loss = 0.965459703357376, acc = 87.8000%  [1756/2000].
--------------------------------------------------------------------------------
Current lr = 0.000100
Epoch [116/150] avg [loss = 0.009999918915937], [acc = 99.6750%]  [15948/16000]
Avg Dev loss = 0.984030883255256, acc = 88.1000%  [1762/2000].
--------------------------------------------------------------------------------
Current lr = 0.000100
Epoch [117/150] avg [loss = 0.012179830972005], [acc = 99.6750%]  [15948/16000]
Avg Dev loss = 0.924719517121192, acc = 88.1000%  [1762/2000].
--------------------------------------------------------------------------------
Current lr = 0.000100
Epoch [118/150] avg [loss = 0.010777663657962], [acc = 99.6188%]  [15939/16000]
Avg Dev loss = 0.927714845477552, acc = 88.2000%  [1764/2000].
--------------------------------------------------------------------------------
Current lr = 0.000100
Epoch [119/150] avg [loss = 0.010431697432965], [acc = 99.6750%]  [15948/16000]
Avg Dev loss = 0.947936615451851, acc = 88.0500%  [1761/2000].
--------------------------------------------------------------------------------
Current lr = 0.000100
Epoch [120/150] avg [loss = 0.008242423597226], [acc = 99.7125%]  [15954/16000]
Avg Dev loss = 0.935954541492965, acc = 88.2500%  [1765/2000].
--------------------------------------------------------------------------------
Current lr = 0.000100
Epoch [121/150] avg [loss = 0.009415001570094], [acc = 99.6813%]  [15949/16000]
Avg Dev loss = 0.929295314184509, acc = 87.8500%  [1757/2000].
--------------------------------------------------------------------------------
Current lr = 0.000100
Epoch [122/150] avg [loss = 0.010540287181254], [acc = 99.6750%]  [15948/16000]
Avg Dev loss = 0.962991214763500, acc = 88.0500%  [1761/2000].
--------------------------------------------------------------------------------
Current lr = 0.000100
Epoch [123/150] avg [loss = 0.009613941962537], [acc = 99.6938%]  [15951/16000]
Avg Dev loss = 0.953235780023937, acc = 88.0000%  [1760/2000].
--------------------------------------------------------------------------------
Current lr = 0.000100
Epoch [124/150] avg [loss = 0.008839927392453], [acc = 99.6813%]  [15949/16000]
Avg Dev loss = 0.939303794514715, acc = 88.0000%  [1760/2000].
--------------------------------------------------------------------------------
Current lr = 0.000100
Epoch [125/150] avg [loss = 0.009718792609588], [acc = 99.7188%]  [15955/16000]
Avg Dev loss = 0.935565337390659, acc = 88.1500%  [1763/2000].
--------------------------------------------------------------------------------
Current lr = 0.000100
Epoch [126/150] avg [loss = 0.008259041347962], [acc = 99.7563%]  [15961/16000]
Avg Dev loss = 0.937921587402386, acc = 88.2500%  [1765/2000].
--------------------------------------------------------------------------------
Current lr = 0.000100
Epoch [127/150] avg [loss = 0.009382061017832], [acc = 99.7563%]  [15961/16000]
Avg Dev loss = 0.962483964889774, acc = 88.0000%  [1760/2000].
--------------------------------------------------------------------------------
Current lr = 0.000100
Epoch [128/150] avg [loss = 0.010415018067004], [acc = 99.6250%]  [15940/16000]
Avg Dev loss = 0.950012740488524, acc = 87.6000%  [1752/2000].
--------------------------------------------------------------------------------
Current lr = 0.000100
Epoch [129/150] avg [loss = 0.008589908476247], [acc = 99.7188%]  [15955/16000]
Avg Dev loss = 0.981899611095806, acc = 87.9000%  [1758/2000].
--------------------------------------------------------------------------------
Current lr = 0.000100
Epoch [130/150] avg [loss = 0.009673286912235], [acc = 99.7188%]  [15955/16000]
Avg Dev loss = 0.935095739056296, acc = 88.0500%  [1761/2000].
--------------------------------------------------------------------------------
Current lr = 0.000100
Epoch [131/150] avg [loss = 0.008968960637188], [acc = 99.7375%]  [15958/16000]
Avg Dev loss = 0.959781369502057, acc = 87.5000%  [1750/2000].
--------------------------------------------------------------------------------
Current lr = 0.000100
Epoch [132/150] avg [loss = 0.006294703061758], [acc = 99.7938%]  [15967/16000]
Avg Dev loss = 0.920774209128539, acc = 88.1500%  [1763/2000].
--------------------------------------------------------------------------------
Current lr = 0.000100
Epoch [133/150] avg [loss = 0.008495476758281], [acc = 99.7375%]  [15958/16000]
Avg Dev loss = 0.984963341701788, acc = 87.8000%  [1756/2000].
--------------------------------------------------------------------------------
Current lr = 0.000100
Epoch [134/150] avg [loss = 0.007756795805714], [acc = 99.7750%]  [15964/16000]
Avg Dev loss = 0.962446688931820, acc = 88.1500%  [1763/2000].
--------------------------------------------------------------------------------
Current lr = 0.000100
Epoch [135/150] avg [loss = 0.009099969352948], [acc = 99.7313%]  [15957/16000]
Avg Dev loss = 0.970419392979123, acc = 87.8000%  [1756/2000].
--------------------------------------------------------------------------------
Current lr = 0.000100
Epoch [136/150] avg [loss = 0.010760981262654], [acc = 99.6750%]  [15948/16000]
Avg Dev loss = 0.962604740149612, acc = 87.5000%  [1750/2000].
--------------------------------------------------------------------------------
Current lr = 0.000100
Epoch [137/150] avg [loss = 0.007655042659522], [acc = 99.7500%]  [15960/16000]
Avg Dev loss = 0.948499315912722, acc = 87.9500%  [1759/2000].
--------------------------------------------------------------------------------
Current lr = 0.000100
Epoch [138/150] avg [loss = 0.009138468750794], [acc = 99.6562%]  [15945/16000]
Avg Dev loss = 0.957771941508818, acc = 87.8500%  [1757/2000].
--------------------------------------------------------------------------------
Current lr = 0.000100
Epoch [139/150] avg [loss = 0.009261980125480], [acc = 99.7062%]  [15953/16000]
Avg Dev loss = 0.963603548314293, acc = 88.0000%  [1760/2000].
--------------------------------------------------------------------------------
Current lr = 0.000100
Epoch [140/150] avg [loss = 0.006173168580048], [acc = 99.8187%]  [15971/16000]
Avg Dev loss = 0.968524846482978, acc = 87.7500%  [1755/2000].
--------------------------------------------------------------------------------
Current lr = 0.000100
Epoch [141/150] avg [loss = 0.008165903802313], [acc = 99.7500%]  [15960/16000]
Avg Dev loss = 0.954553401867001, acc = 87.8500%  [1757/2000].
--------------------------------------------------------------------------------
Current lr = 0.000100
Epoch [142/150] avg [loss = 0.007907002566560], [acc = 99.7563%]  [15961/16000]
Avg Dev loss = 0.949775907822994, acc = 88.4500%  [1769/2000].
--------------------------------------------------------------------------------
Current lr = 0.000100
Epoch [143/150] avg [loss = 0.006452325028335], [acc = 99.7750%]  [15964/16000]
Avg Dev loss = 0.993072317888286, acc = 87.8000%  [1756/2000].
--------------------------------------------------------------------------------
Current lr = 0.000100
Epoch [144/150] avg [loss = 0.008208741939418], [acc = 99.7625%]  [15962/16000]
Avg Dev loss = 0.965571278039779, acc = 88.4000%  [1768/2000].
--------------------------------------------------------------------------------
Current lr = 0.000100
Epoch [145/150] avg [loss = 0.009052329637236], [acc = 99.7625%]  [15962/16000]
Avg Dev loss = 0.960272979799710, acc = 88.0500%  [1761/2000].
--------------------------------------------------------------------------------
Current lr = 0.000100
Epoch [146/150] avg [loss = 0.007298579460355], [acc = 99.7625%]  [15962/16000]
Avg Dev loss = 0.964582017193318, acc = 87.9500%  [1759/2000].
--------------------------------------------------------------------------------
Current lr = 0.000100
Epoch [147/150] avg [loss = 0.008948988360576], [acc = 99.7375%]  [15958/16000]
Avg Dev loss = 0.982818403966424, acc = 88.0000%  [1760/2000].
--------------------------------------------------------------------------------
Current lr = 0.000100
Epoch [148/150] avg [loss = 0.005693950685894], [acc = 99.8125%]  [15970/16000]
Avg Dev loss = 0.987525492928341, acc = 87.5500%  [1751/2000].
--------------------------------------------------------------------------------
Current lr = 0.000100
Epoch [149/150] avg [loss = 0.007454950036356], [acc = 99.7563%]  [15961/16000]
Avg Dev loss = 0.986083275349099, acc = 88.0000%  [1760/2000].
--------------------------------------------------------------------------------
Current lr = 0.000100
Epoch [150/150] avg [loss = 0.007902855594301], [acc = 99.7687%]  [15963/16000]
Avg Dev loss = 0.977314501211944, acc = 88.1000%  [1762/2000].
Test data = 87.7000%  [1754/2000]
