Train: (16000, 76)
Val: (2000, 76)
Test: (2000, 76)
--------------------------------------------------------------------------------
Current lr = 0.010000
Epoch [  1/100] avg [loss = 0.857482980132102], [acc = 75.3812%]  [12061/16000]
Avg Dev loss = 0.431162801763368, acc = 85.2000%  [1704/2000].
Best Dev Acc: 0.8520%
--------------------------------------------------------------------------------
Current lr = 0.010000
Epoch [  2/100] avg [loss = 0.529702401667834], [acc = 81.8250%]  [13092/16000]
Avg Dev loss = 0.399943337790550, acc = 86.5500%  [1731/2000].
Best Dev Acc: 0.8655%
--------------------------------------------------------------------------------
Current lr = 0.010000
Epoch [  3/100] avg [loss = 0.490389560937881], [acc = 82.6937%]  [13231/16000]
Avg Dev loss = 0.391132909272398, acc = 86.6000%  [1732/2000].
Best Dev Acc: 0.8660%
--------------------------------------------------------------------------------
Current lr = 0.010000
Epoch [  4/100] avg [loss = 0.459431194856763], [acc = 83.8750%]  [13420/16000]
Avg Dev loss = 0.394681540036958, acc = 86.9000%  [1738/2000].
Best Dev Acc: 0.8690%
--------------------------------------------------------------------------------
Current lr = 0.010000
Epoch [  5/100] avg [loss = 0.437612902387977], [acc = 84.6562%]  [13545/16000]
Avg Dev loss = 0.414732720643755, acc = 85.9500%  [1719/2000].
--------------------------------------------------------------------------------
Current lr = 0.010000
Epoch [  6/100] avg [loss = 0.428731395825744], [acc = 84.4125%]  [13506/16000]
Avg Dev loss = 0.372002461245136, acc = 86.9500%  [1739/2000].
Best Dev Acc: 0.8695%
--------------------------------------------------------------------------------
Current lr = 0.010000
Epoch [  7/100] avg [loss = 0.415606716960669], [acc = 85.2875%]  [13646/16000]
Avg Dev loss = 0.378213863287653, acc = 87.5500%  [1751/2000].
Best Dev Acc: 0.8755%
--------------------------------------------------------------------------------
Current lr = 0.010000
Epoch [  8/100] avg [loss = 0.392460800513625], [acc = 85.7750%]  [13724/16000]
Avg Dev loss = 0.374845549109436, acc = 87.1000%  [1742/2000].
--------------------------------------------------------------------------------
Current lr = 0.010000
Epoch [  9/100] avg [loss = 0.393015369996428], [acc = 85.6000%]  [13696/16000]
Avg Dev loss = 0.380872002196690, acc = 87.4000%  [1748/2000].
--------------------------------------------------------------------------------
Current lr = 0.010000
Epoch [ 10/100] avg [loss = 0.375450241774321], [acc = 86.2750%]  [13804/16000]
Avg Dev loss = 0.377891967575701, acc = 87.2500%  [1745/2000].
--------------------------------------------------------------------------------
Current lr = 0.010000
Epoch [ 11/100] avg [loss = 0.361858484968543], [acc = 86.6500%]  [13864/16000]
Avg Dev loss = 0.366399421814888, acc = 88.1500%  [1763/2000].
Best Dev Acc: 0.8815%
--------------------------------------------------------------------------------
Current lr = 0.010000
Epoch [ 12/100] avg [loss = 0.354680244743824], [acc = 87.0312%]  [13925/16000]
Avg Dev loss = 0.372597425229966, acc = 88.0500%  [1761/2000].
--------------------------------------------------------------------------------
Current lr = 0.010000
Epoch [ 13/100] avg [loss = 0.346141164258123], [acc = 87.1063%]  [13937/16000]
Avg Dev loss = 0.375826931070714, acc = 88.0000%  [1760/2000].
--------------------------------------------------------------------------------
Current lr = 0.010000
Epoch [ 14/100] avg [loss = 0.341777983620763], [acc = 87.4938%]  [13999/16000]
Avg Dev loss = 0.376426090678525, acc = 87.7000%  [1754/2000].
--------------------------------------------------------------------------------
Current lr = 0.010000
Epoch [ 15/100] avg [loss = 0.331160157099366], [acc = 87.7750%]  [14044/16000]
Avg Dev loss = 0.377488230310735, acc = 88.0000%  [1760/2000].
--------------------------------------------------------------------------------
Current lr = 0.010000
Epoch [ 16/100] avg [loss = 0.324288845010101], [acc = 88.1750%]  [14108/16000]
Avg Dev loss = 0.372254447804557, acc = 87.4500%  [1749/2000].
--------------------------------------------------------------------------------
Current lr = 0.010000
Epoch [ 17/100] avg [loss = 0.302101059645414], [acc = 88.7188%]  [14195/16000]
Avg Dev loss = 0.385985662894590, acc = 86.9500%  [1739/2000].
--------------------------------------------------------------------------------
Current lr = 0.010000
Epoch [ 18/100] avg [loss = 0.300435787886381], [acc = 89.2312%]  [14277/16000]
Avg Dev loss = 0.349856972221344, acc = 88.3000%  [1766/2000].
Best Dev Acc: 0.8830%
--------------------------------------------------------------------------------
Current lr = 0.010000
Epoch [ 19/100] avg [loss = 0.292725535877049], [acc = 89.4125%]  [14306/16000]
Avg Dev loss = 0.376990459504582, acc = 87.1000%  [1742/2000].
--------------------------------------------------------------------------------
Current lr = 0.010000
Epoch [ 20/100] avg [loss = 0.290525191128254], [acc = 89.3875%]  [14302/16000]
Avg Dev loss = 0.354631123088655, acc = 88.2000%  [1764/2000].
--------------------------------------------------------------------------------
Current lr = 0.010000
Epoch [ 21/100] avg [loss = 0.281024024285376], [acc = 89.2000%]  [14272/16000]
Avg Dev loss = 0.369655956824620, acc = 87.8500%  [1757/2000].
--------------------------------------------------------------------------------
Current lr = 0.010000
Epoch [ 22/100] avg [loss = 0.271931606575847], [acc = 89.8188%]  [14371/16000]
Avg Dev loss = 0.383746680049669, acc = 87.0000%  [1740/2000].
--------------------------------------------------------------------------------
Current lr = 0.010000
Epoch [ 23/100] avg [loss = 0.269024691883474], [acc = 89.9875%]  [14398/16000]
Avg Dev loss = 0.397811444505813, acc = 88.0500%  [1761/2000].
--------------------------------------------------------------------------------
Current lr = 0.010000
Epoch [ 24/100] avg [loss = 0.259699244000018], [acc = 90.2563%]  [14441/16000]
Avg Dev loss = 0.394023565072862, acc = 88.8000%  [1776/2000].
Best Dev Acc: 0.8880%
--------------------------------------------------------------------------------
Current lr = 0.010000
Epoch [ 25/100] avg [loss = 0.255547057509423], [acc = 90.6750%]  [14508/16000]
Avg Dev loss = 0.394215858999699, acc = 87.3500%  [1747/2000].
--------------------------------------------------------------------------------
Current lr = 0.010000
Epoch [ 26/100] avg [loss = 0.246682077571750], [acc = 91.0438%]  [14567/16000]
Avg Dev loss = 0.420318495068285, acc = 88.0000%  [1760/2000].
--------------------------------------------------------------------------------
Current lr = 0.010000
Epoch [ 27/100] avg [loss = 0.241095109418034], [acc = 90.9000%]  [14544/16000]
Avg Dev loss = 0.379224900806707, acc = 87.6500%  [1753/2000].
--------------------------------------------------------------------------------
Current lr = 0.010000
Epoch [ 28/100] avg [loss = 0.239012781839818], [acc = 91.3000%]  [14608/16000]
Avg Dev loss = 0.403003806337005, acc = 87.9500%  [1759/2000].
--------------------------------------------------------------------------------
Current lr = 0.010000
Epoch [ 29/100] avg [loss = 0.229414193123579], [acc = 91.5188%]  [14643/16000]
Avg Dev loss = 0.417408604233984, acc = 87.7500%  [1755/2000].
--------------------------------------------------------------------------------
Current lr = 0.010000
Epoch [ 30/100] avg [loss = 0.223118550822139], [acc = 91.7812%]  [14685/16000]
Avg Dev loss = 0.427049315401486, acc = 87.8500%  [1757/2000].
--------------------------------------------------------------------------------
Current lr = 0.010000
Epoch [ 31/100] avg [loss = 0.216941395137459], [acc = 92.0750%]  [14732/16000]
Avg Dev loss = 0.415775009800517, acc = 88.4000%  [1768/2000].
--------------------------------------------------------------------------------
Current lr = 0.010000
Epoch [ 32/100] avg [loss = 0.225670383566990], [acc = 91.7687%]  [14683/16000]
Avg Dev loss = 0.399061192477506, acc = 88.6500%  [1773/2000].
--------------------------------------------------------------------------------
Current lr = 0.010000
Epoch [ 33/100] avg [loss = 0.209230488669127], [acc = 92.5062%]  [14801/16000]
Avg Dev loss = 0.400631499668909, acc = 88.1500%  [1763/2000].
--------------------------------------------------------------------------------
Current lr = 0.010000
Epoch [ 34/100] avg [loss = 0.218343167047948], [acc = 91.8750%]  [14700/16000]
Avg Dev loss = 0.422793822569979, acc = 88.2000%  [1764/2000].
--------------------------------------------------------------------------------
Current lr = 0.010000
Epoch [ 35/100] avg [loss = 0.207352959085256], [acc = 92.2375%]  [14758/16000]
Avg Dev loss = 0.420061153433626, acc = 87.7500%  [1755/2000].
--------------------------------------------------------------------------------
Current lr = 0.010000
Epoch [ 36/100] avg [loss = 0.197752388801426], [acc = 92.7125%]  [14834/16000]
Avg Dev loss = 0.420530606711668, acc = 88.5000%  [1770/2000].
--------------------------------------------------------------------------------
Current lr = 0.010000
Epoch [ 37/100] avg [loss = 0.198264986172318], [acc = 92.7562%]  [14841/16000]
Avg Dev loss = 0.430100914623056, acc = 88.0500%  [1761/2000].
--------------------------------------------------------------------------------
Current lr = 0.010000
Epoch [ 38/100] avg [loss = 0.188744921967387], [acc = 93.1312%]  [14901/16000]
Avg Dev loss = 0.455247062775824, acc = 87.5500%  [1751/2000].
--------------------------------------------------------------------------------
Current lr = 0.010000
Epoch [ 39/100] avg [loss = 0.199845456890762], [acc = 92.6625%]  [14826/16000]
Avg Dev loss = 0.457426864299036, acc = 88.0500%  [1761/2000].
--------------------------------------------------------------------------------
Current lr = 0.010000
Epoch [ 40/100] avg [loss = 0.196605507750064], [acc = 92.9313%]  [14869/16000]
Avg Dev loss = 0.427180614854608, acc = 88.2000%  [1764/2000].
--------------------------------------------------------------------------------
Current lr = 0.010000
Epoch [ 41/100] avg [loss = 0.188161573233083], [acc = 93.4562%]  [14953/16000]
Avg Dev loss = 0.465309602164087, acc = 87.4500%  [1749/2000].
--------------------------------------------------------------------------------
Current lr = 0.010000
Epoch [ 42/100] avg [loss = 0.192540234182030], [acc = 93.1063%]  [14897/16000]
Avg Dev loss = 0.462115920843586, acc = 87.7000%  [1754/2000].
--------------------------------------------------------------------------------
Current lr = 0.010000
Epoch [ 43/100] avg [loss = 0.174561665769666], [acc = 93.6750%]  [14988/16000]
Avg Dev loss = 0.478286572628551, acc = 88.1000%  [1762/2000].
--------------------------------------------------------------------------------
Current lr = 0.010000
Epoch [ 44/100] avg [loss = 0.184952314296737], [acc = 93.2438%]  [14919/16000]
Avg Dev loss = 0.483826166817120, acc = 87.4500%  [1749/2000].
--------------------------------------------------------------------------------
Current lr = 0.010000
Epoch [ 45/100] avg [loss = 0.165803540798835], [acc = 93.8875%]  [15022/16000]
Avg Dev loss = 0.468369536515739, acc = 87.9000%  [1758/2000].
--------------------------------------------------------------------------------
Current lr = 0.010000
Epoch [ 46/100] avg [loss = 0.180892639165744], [acc = 93.5375%]  [14966/16000]
Avg Dev loss = 0.451878038368055, acc = 87.6500%  [1753/2000].
--------------------------------------------------------------------------------
Current lr = 0.010000
Epoch [ 47/100] avg [loss = 0.168958205474541], [acc = 93.8937%]  [15023/16000]
Avg Dev loss = 0.477712563519913, acc = 88.4500%  [1769/2000].
--------------------------------------------------------------------------------
Current lr = 0.010000
Epoch [ 48/100] avg [loss = 0.169497909317724], [acc = 93.8688%]  [15019/16000]
Avg Dev loss = 0.486753149815495, acc = 87.4500%  [1749/2000].
--------------------------------------------------------------------------------
Current lr = 0.010000
Epoch [ 49/100] avg [loss = 0.174235770802945], [acc = 93.8813%]  [15021/16000]
Avg Dev loss = 0.501692080840705, acc = 86.9500%  [1739/2000].
--------------------------------------------------------------------------------
Current lr = 0.010000
Epoch [ 50/100] avg [loss = 0.164163706880994], [acc = 93.9313%]  [15029/16000]
Avg Dev loss = 0.517405634361600, acc = 88.1000%  [1762/2000].
--------------------------------------------------------------------------------
Current lr = 0.001000
Epoch [ 51/100] avg [loss = 0.127137887292541], [acc = 95.3375%]  [15254/16000]
Avg Dev loss = 0.504408811352082, acc = 88.8500%  [1777/2000].
Best Dev Acc: 0.8885%
--------------------------------------------------------------------------------
Current lr = 0.001000
Epoch [ 52/100] avg [loss = 0.112400767892599], [acc = 96.0375%]  [15366/16000]
Avg Dev loss = 0.512204599818067, acc = 88.9000%  [1778/2000].
Best Dev Acc: 0.8890%
--------------------------------------------------------------------------------
Current lr = 0.001000
Epoch [ 53/100] avg [loss = 0.105403892988805], [acc = 96.1750%]  [15388/16000]
Avg Dev loss = 0.524063365267856, acc = 89.0000%  [1780/2000].
Best Dev Acc: 0.8900%
--------------------------------------------------------------------------------
Current lr = 0.001000
Epoch [ 54/100] avg [loss = 0.092419588934164], [acc = 96.6313%]  [15461/16000]
Avg Dev loss = 0.530769512766883, acc = 89.3500%  [1787/2000].
Best Dev Acc: 0.8935%
--------------------------------------------------------------------------------
Current lr = 0.001000
Epoch [ 55/100] avg [loss = 0.095075215994846], [acc = 96.5688%]  [15451/16000]
Avg Dev loss = 0.528647261656939, acc = 88.6500%  [1773/2000].
--------------------------------------------------------------------------------
Current lr = 0.001000
Epoch [ 56/100] avg [loss = 0.094368436038494], [acc = 96.5500%]  [15448/16000]
Avg Dev loss = 0.523359849221176, acc = 89.3000%  [1786/2000].
--------------------------------------------------------------------------------
Current lr = 0.001000
Epoch [ 57/100] avg [loss = 0.085291637546616], [acc = 96.8563%]  [15497/16000]
Avg Dev loss = 0.542263141759331, acc = 89.1000%  [1782/2000].
--------------------------------------------------------------------------------
Current lr = 0.001000
Epoch [ 58/100] avg [loss = 0.085191681992263], [acc = 96.8750%]  [15500/16000]
Avg Dev loss = 0.552061071353299, acc = 89.5500%  [1791/2000].
Best Dev Acc: 0.8955%
--------------------------------------------------------------------------------
Current lr = 0.001000
Epoch [ 59/100] avg [loss = 0.085941833617166], [acc = 96.8312%]  [15493/16000]
Avg Dev loss = 0.544405098708849, acc = 89.3500%  [1787/2000].
--------------------------------------------------------------------------------
Current lr = 0.001000
Epoch [ 60/100] avg [loss = 0.084039974653628], [acc = 97.0500%]  [15528/16000]
Avg Dev loss = 0.540162230531374, acc = 88.9000%  [1778/2000].
--------------------------------------------------------------------------------
Current lr = 0.001000
Epoch [ 61/100] avg [loss = 0.081586101335939], [acc = 96.9938%]  [15519/16000]
Avg Dev loss = 0.539312889769910, acc = 88.8000%  [1776/2000].
--------------------------------------------------------------------------------
Current lr = 0.001000
Epoch [ 62/100] avg [loss = 0.079131328071468], [acc = 97.0250%]  [15524/16000]
Avg Dev loss = 0.539150784531283, acc = 89.1500%  [1783/2000].
--------------------------------------------------------------------------------
Current lr = 0.001000
Epoch [ 63/100] avg [loss = 0.076505309995729], [acc = 97.0563%]  [15529/16000]
Avg Dev loss = 0.547487079091961, acc = 89.1000%  [1782/2000].
--------------------------------------------------------------------------------
Current lr = 0.001000
Epoch [ 64/100] avg [loss = 0.077210744312499], [acc = 97.1562%]  [15545/16000]
Avg Dev loss = 0.569298084707014, acc = 89.1000%  [1782/2000].
--------------------------------------------------------------------------------
Current lr = 0.001000
Epoch [ 65/100] avg [loss = 0.071458021623548], [acc = 97.4000%]  [15584/16000]
Avg Dev loss = 0.580496344124041, acc = 89.2000%  [1784/2000].
--------------------------------------------------------------------------------
Current lr = 0.001000
Epoch [ 66/100] avg [loss = 0.069870396914193], [acc = 97.5938%]  [15615/16000]
Avg Dev loss = 0.584419050209579, acc = 89.1500%  [1783/2000].
--------------------------------------------------------------------------------
Current lr = 0.001000
Epoch [ 67/100] avg [loss = 0.070060885068495], [acc = 97.3312%]  [15573/16000]
Avg Dev loss = 0.581553800770688, acc = 88.8500%  [1777/2000].
--------------------------------------------------------------------------------
Current lr = 0.001000
Epoch [ 68/100] avg [loss = 0.071670526444213], [acc = 97.3750%]  [15580/16000]
Avg Dev loss = 0.582411975673740, acc = 89.3500%  [1787/2000].
--------------------------------------------------------------------------------
Current lr = 0.001000
Epoch [ 69/100] avg [loss = 0.065014828608139], [acc = 97.5312%]  [15605/16000]
Avg Dev loss = 0.604766024956628, acc = 88.8000%  [1776/2000].
--------------------------------------------------------------------------------
Current lr = 0.001000
Epoch [ 70/100] avg [loss = 0.066950298295123], [acc = 97.5500%]  [15608/16000]
Avg Dev loss = 0.601278734940385, acc = 88.8500%  [1777/2000].
--------------------------------------------------------------------------------
Current lr = 0.001000
Epoch [ 71/100] avg [loss = 0.066575805038854], [acc = 97.5250%]  [15604/16000]
Avg Dev loss = 0.595463894662403, acc = 88.9000%  [1778/2000].
--------------------------------------------------------------------------------
Current lr = 0.001000
Epoch [ 72/100] avg [loss = 0.066251251810754], [acc = 97.6000%]  [15616/16000]
Avg Dev loss = 0.619729777768491, acc = 89.0000%  [1780/2000].
--------------------------------------------------------------------------------
Current lr = 0.001000
Epoch [ 73/100] avg [loss = 0.059013910919544], [acc = 97.9125%]  [15666/16000]
Avg Dev loss = 0.630143397739009, acc = 88.7500%  [1775/2000].
--------------------------------------------------------------------------------
Current lr = 0.001000
Epoch [ 74/100] avg [loss = 0.066988696989953], [acc = 97.6000%]  [15616/16000]
Avg Dev loss = 0.619208935116019, acc = 89.1000%  [1782/2000].
--------------------------------------------------------------------------------
Current lr = 0.001000
Epoch [ 75/100] avg [loss = 0.061693687361316], [acc = 97.8750%]  [15660/16000]
Avg Dev loss = 0.612090815509122, acc = 88.8000%  [1776/2000].
--------------------------------------------------------------------------------
Current lr = 0.001000
Epoch [ 76/100] avg [loss = 0.061290747945546], [acc = 97.7625%]  [15642/16000]
Avg Dev loss = 0.621264785114262, acc = 88.8000%  [1776/2000].
--------------------------------------------------------------------------------
Current lr = 0.001000
Epoch [ 77/100] avg [loss = 0.063856215933105], [acc = 97.8187%]  [15651/16000]
Avg Dev loss = 0.650143779400322, acc = 88.7500%  [1775/2000].
--------------------------------------------------------------------------------
Current lr = 0.001000
Epoch [ 78/100] avg [loss = 0.055911024169065], [acc = 97.9375%]  [15670/16000]
Avg Dev loss = 0.632328904692143, acc = 88.9500%  [1779/2000].
--------------------------------------------------------------------------------
Current lr = 0.001000
Epoch [ 79/100] avg [loss = 0.058773882644717], [acc = 97.9562%]  [15673/16000]
Avg Dev loss = 0.636367162098251, acc = 88.9000%  [1778/2000].
--------------------------------------------------------------------------------
Current lr = 0.001000
Epoch [ 80/100] avg [loss = 0.053890649377514], [acc = 97.9313%]  [15669/16000]
Avg Dev loss = 0.636795562233717, acc = 88.8000%  [1776/2000].
--------------------------------------------------------------------------------
Current lr = 0.001000
Epoch [ 81/100] avg [loss = 0.056691615771095], [acc = 97.9625%]  [15674/16000]
Avg Dev loss = 0.641485690065320, acc = 88.7500%  [1775/2000].
--------------------------------------------------------------------------------
Current lr = 0.001000
Epoch [ 82/100] avg [loss = 0.057963051554514], [acc = 97.9250%]  [15668/16000]
Avg Dev loss = 0.655361564534288, acc = 88.8000%  [1776/2000].
--------------------------------------------------------------------------------
Current lr = 0.001000
Epoch [ 83/100] avg [loss = 0.052037382767536], [acc = 98.1250%]  [15700/16000]
Avg Dev loss = 0.635667055194813, acc = 88.8500%  [1777/2000].
--------------------------------------------------------------------------------
Current lr = 0.001000
Epoch [ 84/100] avg [loss = 0.053344103662472], [acc = 98.0375%]  [15686/16000]
Avg Dev loss = 0.668746730844889, acc = 89.0500%  [1781/2000].
--------------------------------------------------------------------------------
Current lr = 0.001000
Epoch [ 85/100] avg [loss = 0.051490199091844], [acc = 98.1625%]  [15706/16000]
Avg Dev loss = 0.665042417449137, acc = 89.1000%  [1782/2000].
--------------------------------------------------------------------------------
Current lr = 0.001000
Epoch [ 86/100] avg [loss = 0.058544531824446], [acc = 97.9562%]  [15673/16000]
Avg Dev loss = 0.649629582724874, acc = 88.9500%  [1779/2000].
--------------------------------------------------------------------------------
Current lr = 0.001000
Epoch [ 87/100] avg [loss = 0.051600033049472], [acc = 98.1750%]  [15708/16000]
Avg Dev loss = 0.659250056341527, acc = 88.8500%  [1777/2000].
--------------------------------------------------------------------------------
Current lr = 0.001000
Epoch [ 88/100] avg [loss = 0.053772211657721], [acc = 98.1875%]  [15710/16000]
Avg Dev loss = 0.670037014321202, acc = 89.2500%  [1785/2000].
--------------------------------------------------------------------------------
Current lr = 0.001000
Epoch [ 89/100] avg [loss = 0.053591059259605], [acc = 98.0938%]  [15695/16000]
Avg Dev loss = 0.642675502077928, acc = 88.9500%  [1779/2000].
--------------------------------------------------------------------------------
Current lr = 0.001000
Epoch [ 90/100] avg [loss = 0.051800165566587], [acc = 98.1313%]  [15701/16000]
Avg Dev loss = 0.675699849746057, acc = 89.0000%  [1780/2000].
--------------------------------------------------------------------------------
Current lr = 0.001000
Epoch [ 91/100] avg [loss = 0.050576972779789], [acc = 98.0938%]  [15695/16000]
Avg Dev loss = 0.659300220331975, acc = 89.4500%  [1789/2000].
--------------------------------------------------------------------------------
Current lr = 0.001000
Epoch [ 92/100] avg [loss = 0.045535900357820], [acc = 98.4000%]  [15744/16000]
Avg Dev loss = 0.676912453114277, acc = 89.2000%  [1784/2000].
--------------------------------------------------------------------------------
Current lr = 0.001000
Epoch [ 93/100] avg [loss = 0.047182645177469], [acc = 98.3125%]  [15730/16000]
Avg Dev loss = 0.688624301659209, acc = 88.6500%  [1773/2000].
--------------------------------------------------------------------------------
Current lr = 0.001000
Epoch [ 94/100] avg [loss = 0.050358607758884], [acc = 98.1625%]  [15706/16000]
Avg Dev loss = 0.667673883131809, acc = 88.5000%  [1770/2000].
--------------------------------------------------------------------------------
Current lr = 0.001000
Epoch [ 95/100] avg [loss = 0.050281272672757], [acc = 98.2437%]  [15719/16000]
Avg Dev loss = 0.666227880214888, acc = 88.8000%  [1776/2000].
--------------------------------------------------------------------------------
Current lr = 0.001000
Epoch [ 96/100] avg [loss = 0.046179768846603], [acc = 98.2812%]  [15725/16000]
Avg Dev loss = 0.662476451978797, acc = 89.0000%  [1780/2000].
--------------------------------------------------------------------------------
Current lr = 0.001000
Epoch [ 97/100] avg [loss = 0.047606227116950], [acc = 98.4750%]  [15756/16000]
Avg Dev loss = 0.690149359493738, acc = 89.1000%  [1782/2000].
--------------------------------------------------------------------------------
Current lr = 0.001000
Epoch [ 98/100] avg [loss = 0.048392585385969], [acc = 98.2688%]  [15723/16000]
Avg Dev loss = 0.677181183404866, acc = 88.8500%  [1777/2000].
--------------------------------------------------------------------------------
Current lr = 0.001000
Epoch [ 99/100] avg [loss = 0.044924865957815], [acc = 98.4000%]  [15744/16000]
Avg Dev loss = 0.708010436227870, acc = 88.9000%  [1778/2000].
--------------------------------------------------------------------------------
Current lr = 0.001000
Epoch [100/100] avg [loss = 0.048921887812234], [acc = 98.2375%]  [15718/16000]
Avg Dev loss = 0.669268048649269, acc = 88.8000%  [1776/2000].
Test data = 87.8000%  [1756/2000]
