Train: (16000, 76)
Val: (2000, 76)
Test: (2000, 76)
--------------------------------------------------------------------------------
Current lr = 0.010000
Epoch [  1/100] avg [loss = 0.690986692160368], [acc = 76.6562%]  [12265/16000]
Avg Dev loss = 0.449041568807193, acc = 84.6000%  [1692/2000].
Best Dev Acc: 0.8460%
--------------------------------------------------------------------------------
Current lr = 0.010000
Epoch [  2/100] avg [loss = 0.494148016512394], [acc = 83.0625%]  [13290/16000]
Avg Dev loss = 0.441590721408526, acc = 84.4500%  [1689/2000].
--------------------------------------------------------------------------------
Current lr = 0.010000
Epoch [  3/100] avg [loss = 0.444616459876299], [acc = 84.0938%]  [13455/16000]
Avg Dev loss = 0.423131071858936, acc = 84.9000%  [1698/2000].
Best Dev Acc: 0.8490%
--------------------------------------------------------------------------------
Current lr = 0.010000
Epoch [  4/100] avg [loss = 0.412858733803034], [acc = 85.1875%]  [13630/16000]
Avg Dev loss = 0.406228470896918, acc = 86.5000%  [1730/2000].
Best Dev Acc: 0.8650%
--------------------------------------------------------------------------------
Current lr = 0.010000
Epoch [  5/100] avg [loss = 0.387705231137574], [acc = 86.0750%]  [13772/16000]
Avg Dev loss = 0.398651793126076, acc = 86.0500%  [1721/2000].
--------------------------------------------------------------------------------
Current lr = 0.010000
Epoch [  6/100] avg [loss = 0.363315200462937], [acc = 86.9188%]  [13907/16000]
Avg Dev loss = 0.373885592534429, acc = 86.0000%  [1720/2000].
--------------------------------------------------------------------------------
Current lr = 0.010000
Epoch [  7/100] avg [loss = 0.343186479255557], [acc = 87.6687%]  [14027/16000]
Avg Dev loss = 0.410050450691155, acc = 86.2500%  [1725/2000].
--------------------------------------------------------------------------------
Current lr = 0.010000
Epoch [  8/100] avg [loss = 0.328472352594138], [acc = 87.8812%]  [14061/16000]
Avg Dev loss = 0.418768876365253, acc = 86.4500%  [1729/2000].
--------------------------------------------------------------------------------
Current lr = 0.010000
Epoch [  9/100] avg [loss = 0.317962219208479], [acc = 88.3000%]  [14128/16000]
Avg Dev loss = 0.397193073162011, acc = 86.5000%  [1730/2000].
--------------------------------------------------------------------------------
Current lr = 0.010000
Epoch [ 10/100] avg [loss = 0.303873239256442], [acc = 88.9000%]  [14224/16000]
Avg Dev loss = 0.428212531265758, acc = 86.8000%  [1736/2000].
Best Dev Acc: 0.8680%
--------------------------------------------------------------------------------
Current lr = 0.010000
Epoch [ 11/100] avg [loss = 0.289018394708633], [acc = 89.5438%]  [14327/16000]
Avg Dev loss = 0.405521588902625, acc = 86.5500%  [1731/2000].
--------------------------------------------------------------------------------
Current lr = 0.010000
Epoch [ 12/100] avg [loss = 0.274547334715724], [acc = 89.8375%]  [14374/16000]
Avg Dev loss = 0.431270275560636, acc = 85.9000%  [1718/2000].
--------------------------------------------------------------------------------
Current lr = 0.010000
Epoch [ 13/100] avg [loss = 0.262119458809495], [acc = 90.1125%]  [14418/16000]
Avg Dev loss = 0.424453289381095, acc = 86.8000%  [1736/2000].
--------------------------------------------------------------------------------
Current lr = 0.010000
Epoch [ 14/100] avg [loss = 0.261172126352787], [acc = 90.4563%]  [14473/16000]
Avg Dev loss = 0.476311727530427, acc = 85.2500%  [1705/2000].
--------------------------------------------------------------------------------
Current lr = 0.010000
Epoch [ 15/100] avg [loss = 0.247252718046308], [acc = 90.7812%]  [14525/16000]
Avg Dev loss = 0.398700495797490, acc = 86.4500%  [1729/2000].
--------------------------------------------------------------------------------
Current lr = 0.010000
Epoch [ 16/100] avg [loss = 0.233152902599424], [acc = 91.4625%]  [14634/16000]
Avg Dev loss = 0.478036044135926, acc = 85.3000%  [1706/2000].
--------------------------------------------------------------------------------
Current lr = 0.010000
Epoch [ 17/100] avg [loss = 0.220458945024758], [acc = 91.8250%]  [14692/16000]
Avg Dev loss = 0.436089799517677, acc = 86.9000%  [1738/2000].
Best Dev Acc: 0.8690%
--------------------------------------------------------------------------------
Current lr = 0.010000
Epoch [ 18/100] avg [loss = 0.208310004655272], [acc = 92.2500%]  [14760/16000]
Avg Dev loss = 0.466674213844632, acc = 87.4500%  [1749/2000].
Best Dev Acc: 0.8745%
--------------------------------------------------------------------------------
Current lr = 0.010000
Epoch [ 19/100] avg [loss = 0.214826683290303], [acc = 92.2750%]  [14764/16000]
Avg Dev loss = 0.449788958662086, acc = 87.3500%  [1747/2000].
--------------------------------------------------------------------------------
Current lr = 0.010000
Epoch [ 20/100] avg [loss = 0.203510198788717], [acc = 92.3063%]  [14769/16000]
Avg Dev loss = 0.453839860383480, acc = 86.3500%  [1727/2000].
--------------------------------------------------------------------------------
Current lr = 0.010000
Epoch [ 21/100] avg [loss = 0.190200516695157], [acc = 93.0500%]  [14888/16000]
Avg Dev loss = 0.489837288501717, acc = 86.8000%  [1736/2000].
--------------------------------------------------------------------------------
Current lr = 0.010000
Epoch [ 22/100] avg [loss = 0.190574087698013], [acc = 92.8063%]  [14849/16000]
Avg Dev loss = 0.479980967465847, acc = 86.8000%  [1736/2000].
--------------------------------------------------------------------------------
Current lr = 0.010000
Epoch [ 23/100] avg [loss = 0.180387839092873], [acc = 93.3750%]  [14940/16000]
Avg Dev loss = 0.505569397693588, acc = 86.2500%  [1725/2000].
--------------------------------------------------------------------------------
Current lr = 0.010000
Epoch [ 24/100] avg [loss = 0.179947117663920], [acc = 93.3312%]  [14933/16000]
Avg Dev loss = 0.528965789410803, acc = 86.4000%  [1728/2000].
--------------------------------------------------------------------------------
Current lr = 0.010000
Epoch [ 25/100] avg [loss = 0.171663472945802], [acc = 93.8875%]  [15022/16000]
Avg Dev loss = 0.520416648023658, acc = 86.4500%  [1729/2000].
--------------------------------------------------------------------------------
Current lr = 0.010000
Epoch [ 26/100] avg [loss = 0.167622921715490], [acc = 93.8438%]  [15015/16000]
Avg Dev loss = 0.547533070165960, acc = 86.3500%  [1727/2000].
--------------------------------------------------------------------------------
Current lr = 0.010000
Epoch [ 27/100] avg [loss = 0.167790957147255], [acc = 93.8375%]  [15014/16000]
Avg Dev loss = 0.514252294741926, acc = 86.0500%  [1721/2000].
--------------------------------------------------------------------------------
Current lr = 0.010000
Epoch [ 28/100] avg [loss = 0.152374233005568], [acc = 94.3500%]  [15096/16000]
Avg Dev loss = 0.570808459605489, acc = 85.6500%  [1713/2000].
--------------------------------------------------------------------------------
Current lr = 0.010000
Epoch [ 29/100] avg [loss = 0.150426054729149], [acc = 94.5812%]  [15133/16000]
Avg Dev loss = 0.585178670103824, acc = 86.6500%  [1733/2000].
--------------------------------------------------------------------------------
Current lr = 0.010000
Epoch [ 30/100] avg [loss = 0.148305003814865], [acc = 94.4562%]  [15113/16000]
Avg Dev loss = 0.573916691518019, acc = 87.0000%  [1740/2000].
--------------------------------------------------------------------------------
Current lr = 0.010000
Epoch [ 31/100] avg [loss = 0.150822111032903], [acc = 94.6562%]  [15145/16000]
Avg Dev loss = 0.542911657146991, acc = 87.0000%  [1740/2000].
--------------------------------------------------------------------------------
Current lr = 0.010000
Epoch [ 32/100] avg [loss = 0.142451650109608], [acc = 94.8125%]  [15170/16000]
Avg Dev loss = 0.543090367896690, acc = 86.3000%  [1726/2000].
--------------------------------------------------------------------------------
Current lr = 0.010000
Epoch [ 33/100] avg [loss = 0.138344714955892], [acc = 95.0688%]  [15211/16000]
Avg Dev loss = 0.573444464554389, acc = 86.0500%  [1721/2000].
--------------------------------------------------------------------------------
Current lr = 0.010000
Epoch [ 34/100] avg [loss = 0.135436022684910], [acc = 95.1625%]  [15226/16000]
Avg Dev loss = 0.631654948528324, acc = 86.0000%  [1720/2000].
--------------------------------------------------------------------------------
Current lr = 0.010000
Epoch [ 35/100] avg [loss = 0.131001447459683], [acc = 95.4062%]  [15265/16000]
Avg Dev loss = 0.629751762463933, acc = 86.2000%  [1724/2000].
--------------------------------------------------------------------------------
Current lr = 0.010000
Epoch [ 36/100] avg [loss = 0.133024398346897], [acc = 95.4062%]  [15265/16000]
Avg Dev loss = 0.562375005512011, acc = 86.7000%  [1734/2000].
--------------------------------------------------------------------------------
Current lr = 0.010000
Epoch [ 37/100] avg [loss = 0.118113051209599], [acc = 95.6625%]  [15306/16000]
Avg Dev loss = 0.620413637113949, acc = 85.6500%  [1713/2000].
--------------------------------------------------------------------------------
Current lr = 0.010000
Epoch [ 38/100] avg [loss = 0.125932339853607], [acc = 95.6937%]  [15311/16000]
Avg Dev loss = 0.601211995950767, acc = 86.1500%  [1723/2000].
--------------------------------------------------------------------------------
Current lr = 0.010000
Epoch [ 39/100] avg [loss = 0.113896102644503], [acc = 95.9875%]  [15358/16000]
Avg Dev loss = 0.674927533027672, acc = 86.3000%  [1726/2000].
--------------------------------------------------------------------------------
Current lr = 0.010000
Epoch [ 40/100] avg [loss = 0.113115211817902], [acc = 96.0000%]  [15360/16000]
Avg Dev loss = 0.639484257688598, acc = 86.8500%  [1737/2000].
--------------------------------------------------------------------------------
Current lr = 0.010000
Epoch [ 41/100] avg [loss = 0.124106657314580], [acc = 95.7125%]  [15314/16000]
Avg Dev loss = 0.668420463918694, acc = 86.3000%  [1726/2000].
--------------------------------------------------------------------------------
Current lr = 0.010000
Epoch [ 42/100] avg [loss = 0.122232901980635], [acc = 95.7188%]  [15315/16000]
Avg Dev loss = 0.656808791770822, acc = 86.0500%  [1721/2000].
--------------------------------------------------------------------------------
Current lr = 0.010000
Epoch [ 43/100] avg [loss = 0.114583358403295], [acc = 96.0250%]  [15364/16000]
Avg Dev loss = 0.614354188834864, acc = 86.4500%  [1729/2000].
--------------------------------------------------------------------------------
Current lr = 0.010000
Epoch [ 44/100] avg [loss = 0.108967884825310], [acc = 96.4500%]  [15432/16000]
Avg Dev loss = 0.775756048275128, acc = 86.2000%  [1724/2000].
--------------------------------------------------------------------------------
Current lr = 0.010000
Epoch [ 45/100] avg [loss = 0.114159671248868], [acc = 96.1125%]  [15378/16000]
Avg Dev loss = 0.648483357673127, acc = 85.9500%  [1719/2000].
--------------------------------------------------------------------------------
Current lr = 0.010000
Epoch [ 46/100] avg [loss = 0.105110570724821], [acc = 96.2875%]  [15406/16000]
Avg Dev loss = 0.662545784716568, acc = 86.5000%  [1730/2000].
--------------------------------------------------------------------------------
Current lr = 0.010000
Epoch [ 47/100] avg [loss = 0.106214688543347], [acc = 96.2750%]  [15404/16000]
Avg Dev loss = 0.707768584172877, acc = 86.5000%  [1730/2000].
--------------------------------------------------------------------------------
Current lr = 0.010000
Epoch [ 48/100] avg [loss = 0.105550948749296], [acc = 96.4313%]  [15429/16000]
Avg Dev loss = 0.673010132379002, acc = 86.0000%  [1720/2000].
--------------------------------------------------------------------------------
Current lr = 0.010000
Epoch [ 49/100] avg [loss = 0.106144719072618], [acc = 96.3250%]  [15412/16000]
Avg Dev loss = 0.658823184195965, acc = 86.0000%  [1720/2000].
--------------------------------------------------------------------------------
Current lr = 0.010000
Epoch [ 50/100] avg [loss = 0.104801561172120], [acc = 96.4188%]  [15427/16000]
Avg Dev loss = 0.699591057877692, acc = 86.1000%  [1722/2000].
--------------------------------------------------------------------------------
Current lr = 0.001000
Epoch [ 51/100] avg [loss = 0.070764341153670], [acc = 97.6125%]  [15618/16000]
Avg Dev loss = 0.676243046091662, acc = 86.6500%  [1733/2000].
--------------------------------------------------------------------------------
Current lr = 0.001000
Epoch [ 52/100] avg [loss = 0.054909158686060], [acc = 98.0187%]  [15683/16000]
Avg Dev loss = 0.722009270673706, acc = 86.8000%  [1736/2000].
--------------------------------------------------------------------------------
Current lr = 0.001000
Epoch [ 53/100] avg [loss = 0.051483247011609], [acc = 98.1250%]  [15700/16000]
Avg Dev loss = 0.735116585852608, acc = 86.6000%  [1732/2000].
--------------------------------------------------------------------------------
Current lr = 0.001000
Epoch [ 54/100] avg [loss = 0.047932780379662], [acc = 98.2000%]  [15712/16000]
Avg Dev loss = 0.757565175848348, acc = 86.5500%  [1731/2000].
--------------------------------------------------------------------------------
Current lr = 0.001000
Epoch [ 55/100] avg [loss = 0.049429366892436], [acc = 98.3563%]  [15737/16000]
Avg Dev loss = 0.771199056080409, acc = 86.1000%  [1722/2000].
--------------------------------------------------------------------------------
Current lr = 0.001000
Epoch [ 56/100] avg [loss = 0.046518458117323], [acc = 98.5312%]  [15765/16000]
Avg Dev loss = 0.798861277008813, acc = 86.5500%  [1731/2000].
--------------------------------------------------------------------------------
Current lr = 0.001000
Epoch [ 57/100] avg [loss = 0.042796697616825], [acc = 98.5375%]  [15766/16000]
Avg Dev loss = 0.782988676357837, acc = 87.1000%  [1742/2000].
--------------------------------------------------------------------------------
Current lr = 0.001000
Epoch [ 58/100] avg [loss = 0.035350484013237], [acc = 98.7688%]  [15803/16000]
Avg Dev loss = 0.826048947988995, acc = 86.2500%  [1725/2000].
--------------------------------------------------------------------------------
Current lr = 0.001000
Epoch [ 59/100] avg [loss = 0.033408896637760], [acc = 98.8000%]  [15808/16000]
Avg Dev loss = 0.827295591906896, acc = 86.8000%  [1736/2000].
--------------------------------------------------------------------------------
Current lr = 0.001000
Epoch [ 60/100] avg [loss = 0.033453998746641], [acc = 98.8937%]  [15823/16000]
Avg Dev loss = 0.831606365858562, acc = 86.5500%  [1731/2000].
--------------------------------------------------------------------------------
Current lr = 0.001000
Epoch [ 61/100] avg [loss = 0.033304082472343], [acc = 98.7812%]  [15805/16000]
Avg Dev loss = 0.859054014914566, acc = 86.8500%  [1737/2000].
--------------------------------------------------------------------------------
Current lr = 0.001000
Epoch [ 62/100] avg [loss = 0.035756893955986], [acc = 98.6313%]  [15781/16000]
Avg Dev loss = 0.879878092438928, acc = 87.0000%  [1740/2000].
--------------------------------------------------------------------------------
Current lr = 0.001000
Epoch [ 63/100] avg [loss = 0.033535938327113], [acc = 98.8500%]  [15816/16000]
Avg Dev loss = 0.860988266174755, acc = 86.8000%  [1736/2000].
--------------------------------------------------------------------------------
Current lr = 0.001000
Epoch [ 64/100] avg [loss = 0.032895143543865], [acc = 98.8812%]  [15821/16000]
Avg Dev loss = 0.854516113916087, acc = 86.6000%  [1732/2000].
--------------------------------------------------------------------------------
Current lr = 0.001000
Epoch [ 65/100] avg [loss = 0.027285388375894], [acc = 99.0688%]  [15851/16000]
Avg Dev loss = 0.849067659013801, acc = 86.6500%  [1733/2000].
--------------------------------------------------------------------------------
Current lr = 0.001000
Epoch [ 66/100] avg [loss = 0.028641614374326], [acc = 98.9562%]  [15833/16000]
Avg Dev loss = 0.879720551153970, acc = 87.0500%  [1741/2000].
--------------------------------------------------------------------------------
Current lr = 0.001000
Epoch [ 67/100] avg [loss = 0.027866188404092], [acc = 99.0688%]  [15851/16000]
Avg Dev loss = 0.896339105235205, acc = 86.5500%  [1731/2000].
--------------------------------------------------------------------------------
Current lr = 0.001000
Epoch [ 68/100] avg [loss = 0.027415878460393], [acc = 99.0438%]  [15847/16000]
Avg Dev loss = 0.882142012554502, acc = 86.9000%  [1738/2000].
--------------------------------------------------------------------------------
Current lr = 0.001000
Epoch [ 69/100] avg [loss = 0.028284907590540], [acc = 99.0312%]  [15845/16000]
Avg Dev loss = 0.876299882100688, acc = 86.7500%  [1735/2000].
--------------------------------------------------------------------------------
Current lr = 0.001000
Epoch [ 70/100] avg [loss = 0.026577945672238], [acc = 99.0375%]  [15846/16000]
Avg Dev loss = 0.883883443853212, acc = 86.7000%  [1734/2000].
--------------------------------------------------------------------------------
Current lr = 0.001000
Epoch [ 71/100] avg [loss = 0.025641936655615], [acc = 99.1062%]  [15857/16000]
Avg Dev loss = 0.901602523430945, acc = 86.9500%  [1739/2000].
--------------------------------------------------------------------------------
Current lr = 0.001000
Epoch [ 72/100] avg [loss = 0.026406398704774], [acc = 99.1562%]  [15865/16000]
Avg Dev loss = 0.905738876570785, acc = 87.1000%  [1742/2000].
--------------------------------------------------------------------------------
Current lr = 0.001000
Epoch [ 73/100] avg [loss = 0.024146569921781], [acc = 99.2000%]  [15872/16000]
Avg Dev loss = 0.950549976811523, acc = 86.5500%  [1731/2000].
--------------------------------------------------------------------------------
Current lr = 0.001000
Epoch [ 74/100] avg [loss = 0.025489330541495], [acc = 99.1437%]  [15863/16000]
Avg Dev loss = 0.955628832181295, acc = 86.9000%  [1738/2000].
--------------------------------------------------------------------------------
Current lr = 0.001000
Epoch [ 75/100] avg [loss = 0.026308325589707], [acc = 99.0375%]  [15846/16000]
Avg Dev loss = 0.924213361586370, acc = 86.7500%  [1735/2000].
--------------------------------------------------------------------------------
Current lr = 0.001000
Epoch [ 76/100] avg [loss = 0.024446593520144], [acc = 99.1188%]  [15859/16000]
Avg Dev loss = 0.922301455652193, acc = 87.1000%  [1742/2000].
--------------------------------------------------------------------------------
Current lr = 0.001000
Epoch [ 77/100] avg [loss = 0.026970022512724], [acc = 99.0312%]  [15845/16000]
Avg Dev loss = 0.917266010232861, acc = 86.8000%  [1736/2000].
--------------------------------------------------------------------------------
Current lr = 0.001000
Epoch [ 78/100] avg [loss = 0.022688516739589], [acc = 99.2000%]  [15872/16000]
Avg Dev loss = 0.942247773890221, acc = 87.0000%  [1740/2000].
--------------------------------------------------------------------------------
Current lr = 0.001000
Epoch [ 79/100] avg [loss = 0.023072125748764], [acc = 99.2062%]  [15873/16000]
Avg Dev loss = 0.961474127653572, acc = 86.8000%  [1736/2000].
--------------------------------------------------------------------------------
Current lr = 0.001000
Epoch [ 80/100] avg [loss = 0.020020803004492], [acc = 99.2750%]  [15884/16000]
Avg Dev loss = 0.960982901236368, acc = 86.8500%  [1737/2000].
--------------------------------------------------------------------------------
Current lr = 0.001000
Epoch [ 81/100] avg [loss = 0.024409579761395], [acc = 99.1750%]  [15868/16000]
Avg Dev loss = 0.967212618934730, acc = 86.8000%  [1736/2000].
--------------------------------------------------------------------------------
Current lr = 0.001000
Epoch [ 82/100] avg [loss = 0.020402275414206], [acc = 99.3062%]  [15889/16000]
Avg Dev loss = 0.974974723562362, acc = 86.9000%  [1738/2000].
--------------------------------------------------------------------------------
Current lr = 0.001000
Epoch [ 83/100] avg [loss = 0.022013041550043], [acc = 99.2500%]  [15880/16000]
Avg Dev loss = 0.969409587127822, acc = 87.0500%  [1741/2000].
--------------------------------------------------------------------------------
Current lr = 0.001000
Epoch [ 84/100] avg [loss = 0.020107599765070], [acc = 99.3000%]  [15888/16000]
Avg Dev loss = 1.003069727785058, acc = 86.9000%  [1738/2000].
--------------------------------------------------------------------------------
Current lr = 0.001000
Epoch [ 85/100] avg [loss = 0.021195779546644], [acc = 99.2625%]  [15882/16000]
Avg Dev loss = 1.019484375854806, acc = 87.0000%  [1740/2000].
--------------------------------------------------------------------------------
Current lr = 0.001000
Epoch [ 86/100] avg [loss = 0.019115106872578], [acc = 99.3500%]  [15896/16000]
Avg Dev loss = 0.973258461551889, acc = 87.2000%  [1744/2000].
--------------------------------------------------------------------------------
Current lr = 0.001000
Epoch [ 87/100] avg [loss = 0.017032548558258], [acc = 99.4313%]  [15909/16000]
Avg Dev loss = 0.991572725512678, acc = 86.8500%  [1737/2000].
--------------------------------------------------------------------------------
Current lr = 0.001000
Epoch [ 88/100] avg [loss = 0.020801348072735], [acc = 99.3187%]  [15891/16000]
Avg Dev loss = 1.006969425502041, acc = 87.2000%  [1744/2000].
--------------------------------------------------------------------------------
Current lr = 0.001000
Epoch [ 89/100] avg [loss = 0.020494233503206], [acc = 99.2562%]  [15881/16000]
Avg Dev loss = 1.002025462568752, acc = 87.4000%  [1748/2000].
--------------------------------------------------------------------------------
Current lr = 0.001000
Epoch [ 90/100] avg [loss = 0.022554268564978], [acc = 99.2188%]  [15875/16000]
Avg Dev loss = 0.966394315636347, acc = 87.3000%  [1746/2000].
--------------------------------------------------------------------------------
Current lr = 0.001000
Epoch [ 91/100] avg [loss = 0.017935937435759], [acc = 99.4562%]  [15913/16000]
Avg Dev loss = 1.036787071900945, acc = 86.8500%  [1737/2000].
--------------------------------------------------------------------------------
Current lr = 0.001000
Epoch [ 92/100] avg [loss = 0.021734985699957], [acc = 99.2625%]  [15882/16000]
Avg Dev loss = 1.003475710158310, acc = 87.1000%  [1742/2000].
--------------------------------------------------------------------------------
Current lr = 0.001000
Epoch [ 93/100] avg [loss = 0.018209144015219], [acc = 99.4313%]  [15909/16000]
Avg Dev loss = 0.995966468804649, acc = 87.3000%  [1746/2000].
--------------------------------------------------------------------------------
Current lr = 0.001000
Epoch [ 94/100] avg [loss = 0.019262600304981], [acc = 99.4375%]  [15910/16000]
Avg Dev loss = 1.016277307526223, acc = 87.0000%  [1740/2000].
--------------------------------------------------------------------------------
Current lr = 0.001000
Epoch [ 95/100] avg [loss = 0.019600676118909], [acc = 99.2250%]  [15876/16000]
Avg Dev loss = 1.019486543205050, acc = 87.2000%  [1744/2000].
--------------------------------------------------------------------------------
Current lr = 0.001000
Epoch [ 96/100] avg [loss = 0.020970051286031], [acc = 99.2375%]  [15878/16000]
Avg Dev loss = 1.008037026557657, acc = 87.0500%  [1741/2000].
--------------------------------------------------------------------------------
Current lr = 0.001000
Epoch [ 97/100] avg [loss = 0.017137096692401], [acc = 99.3875%]  [15902/16000]
Avg Dev loss = 1.034398589874544, acc = 87.1500%  [1743/2000].
--------------------------------------------------------------------------------
Current lr = 0.001000
Epoch [ 98/100] avg [loss = 0.017138889641226], [acc = 99.4500%]  [15912/16000]
Avg Dev loss = 1.072572222156894, acc = 87.0500%  [1741/2000].
--------------------------------------------------------------------------------
Current lr = 0.001000
Epoch [ 99/100] avg [loss = 0.019082444075786], [acc = 99.3500%]  [15896/16000]
Avg Dev loss = 1.030327810684130, acc = 86.8500%  [1737/2000].
--------------------------------------------------------------------------------
Current lr = 0.001000
Epoch [100/100] avg [loss = 0.019691738604302], [acc = 99.3438%]  [15895/16000]
Avg Dev loss = 1.010913032772285, acc = 87.6000%  [1752/2000].
Best Dev Acc: 0.8760%
Test data = 89.8000%  [1796/2000]
