Train: (16000, 76)
Val: (2000, 76)
Test: (2000, 76)
--------------------------------------------------------------------------------
Current lr = 0.010000
Epoch [  1/100] avg [loss = 0.613725062873628], [acc = 79.1188%]  [12659/16000]
Avg Dev loss = 0.409859206527472, acc = 85.4000%  [1708/2000].
Best Dev Acc: 0.8540%
--------------------------------------------------------------------------------
Current lr = 0.010000
Epoch [  2/100] avg [loss = 0.374684627567019], [acc = 86.1437%]  [13783/16000]
Avg Dev loss = 0.399765934795141, acc = 86.1000%  [1722/2000].
Best Dev Acc: 0.8610%
--------------------------------------------------------------------------------
Current lr = 0.010000
Epoch [  3/100] avg [loss = 0.332103654032662], [acc = 87.9625%]  [14074/16000]
Avg Dev loss = 0.395737189799547, acc = 86.1000%  [1722/2000].
--------------------------------------------------------------------------------
Current lr = 0.010000
Epoch [  4/100] avg [loss = 0.289329609227559], [acc = 89.2375%]  [14278/16000]
Avg Dev loss = 0.397010374814272, acc = 86.5500%  [1731/2000].
Best Dev Acc: 0.8655%
--------------------------------------------------------------------------------
Current lr = 0.010000
Epoch [  5/100] avg [loss = 0.266249526351217], [acc = 89.9875%]  [14398/16000]
Avg Dev loss = 0.452895201742649, acc = 85.8000%  [1716/2000].
--------------------------------------------------------------------------------
Current lr = 0.010000
Epoch [  6/100] avg [loss = 0.242357698697892], [acc = 90.7188%]  [14515/16000]
Avg Dev loss = 0.413515944033861, acc = 85.7500%  [1715/2000].
--------------------------------------------------------------------------------
Current lr = 0.010000
Epoch [  7/100] avg [loss = 0.222941791963956], [acc = 91.3688%]  [14619/16000]
Avg Dev loss = 0.433612149208784, acc = 86.6500%  [1733/2000].
Best Dev Acc: 0.8665%
--------------------------------------------------------------------------------
Current lr = 0.010000
Epoch [  8/100] avg [loss = 0.212517216092064], [acc = 92.2062%]  [14753/16000]
Avg Dev loss = 0.425323039293289, acc = 86.8000%  [1736/2000].
Best Dev Acc: 0.8680%
--------------------------------------------------------------------------------
Current lr = 0.010000
Epoch [  9/100] avg [loss = 0.185674390740811], [acc = 92.9000%]  [14864/16000]
Avg Dev loss = 0.448945291340351, acc = 86.5000%  [1730/2000].
--------------------------------------------------------------------------------
Current lr = 0.010000
Epoch [ 10/100] avg [loss = 0.171653615813407], [acc = 93.3688%]  [14939/16000]
Avg Dev loss = 0.466724831610918, acc = 87.1000%  [1742/2000].
Best Dev Acc: 0.8710%
--------------------------------------------------------------------------------
Current lr = 0.010000
Epoch [ 11/100] avg [loss = 0.153878992039060], [acc = 94.2812%]  [15085/16000]
Avg Dev loss = 0.498822234570980, acc = 86.5500%  [1731/2000].
--------------------------------------------------------------------------------
Current lr = 0.010000
Epoch [ 12/100] avg [loss = 0.140842791764982], [acc = 94.7000%]  [15152/16000]
Avg Dev loss = 0.493852663785219, acc = 86.8500%  [1737/2000].
--------------------------------------------------------------------------------
Current lr = 0.010000
Epoch [ 13/100] avg [loss = 0.134062156199463], [acc = 94.9750%]  [15196/16000]
Avg Dev loss = 0.528090905398130, acc = 86.6500%  [1733/2000].
--------------------------------------------------------------------------------
Current lr = 0.010000
Epoch [ 14/100] avg [loss = 0.129722448686759], [acc = 95.3500%]  [15256/16000]
Avg Dev loss = 0.542812295258045, acc = 86.3000%  [1726/2000].
--------------------------------------------------------------------------------
Current lr = 0.010000
Epoch [ 15/100] avg [loss = 0.116044464920248], [acc = 95.6875%]  [15310/16000]
Avg Dev loss = 0.498344019055367, acc = 87.2500%  [1745/2000].
Best Dev Acc: 0.8725%
--------------------------------------------------------------------------------
Current lr = 0.010000
Epoch [ 16/100] avg [loss = 0.115259618808826], [acc = 95.7438%]  [15319/16000]
Avg Dev loss = 0.512414801865816, acc = 87.2500%  [1745/2000].
--------------------------------------------------------------------------------
Current lr = 0.010000
Epoch [ 17/100] avg [loss = 0.089687798349630], [acc = 96.6187%]  [15459/16000]
Avg Dev loss = 0.599286019802094, acc = 86.7000%  [1734/2000].
--------------------------------------------------------------------------------
Current lr = 0.010000
Epoch [ 18/100] avg [loss = 0.086051864224294], [acc = 96.8375%]  [15494/16000]
Avg Dev loss = 0.575702864676714, acc = 87.0000%  [1740/2000].
--------------------------------------------------------------------------------
Current lr = 0.010000
Epoch [ 19/100] avg [loss = 0.086546981470689], [acc = 96.7562%]  [15481/16000]
Avg Dev loss = 0.594967804849148, acc = 86.2000%  [1724/2000].
--------------------------------------------------------------------------------
Current lr = 0.010000
Epoch [ 20/100] avg [loss = 0.083588452684501], [acc = 96.9688%]  [15515/16000]
Avg Dev loss = 0.608899608254433, acc = 87.0000%  [1740/2000].
--------------------------------------------------------------------------------
Current lr = 0.010000
Epoch [ 21/100] avg [loss = 0.080452402905812], [acc = 97.1437%]  [15543/16000]
Avg Dev loss = 0.612819273024797, acc = 86.3500%  [1727/2000].
--------------------------------------------------------------------------------
Current lr = 0.010000
Epoch [ 22/100] avg [loss = 0.075322759382072], [acc = 97.2625%]  [15562/16000]
Avg Dev loss = 0.628193300217390, acc = 86.6500%  [1733/2000].
--------------------------------------------------------------------------------
Current lr = 0.010000
Epoch [ 23/100] avg [loss = 0.068886998272131], [acc = 97.5187%]  [15603/16000]
Avg Dev loss = 0.633949540555477, acc = 87.4000%  [1748/2000].
Best Dev Acc: 0.8740%
--------------------------------------------------------------------------------
Current lr = 0.010000
Epoch [ 24/100] avg [loss = 0.073252495348690], [acc = 97.4500%]  [15592/16000]
Avg Dev loss = 0.663416109979153, acc = 86.7000%  [1734/2000].
--------------------------------------------------------------------------------
Current lr = 0.010000
Epoch [ 25/100] avg [loss = 0.060713032408366], [acc = 97.8688%]  [15659/16000]
Avg Dev loss = 0.664360098540783, acc = 86.9500%  [1739/2000].
--------------------------------------------------------------------------------
Current lr = 0.010000
Epoch [ 26/100] avg [loss = 0.070358421003062], [acc = 97.5938%]  [15615/16000]
Avg Dev loss = 0.703814420849085, acc = 86.0000%  [1720/2000].
--------------------------------------------------------------------------------
Current lr = 0.010000
Epoch [ 27/100] avg [loss = 0.057070041400573], [acc = 98.0000%]  [15680/16000]
Avg Dev loss = 0.707098584622145, acc = 86.2500%  [1725/2000].
--------------------------------------------------------------------------------
Current lr = 0.010000
Epoch [ 28/100] avg [loss = 0.053269719024972], [acc = 98.0438%]  [15687/16000]
Avg Dev loss = 0.735743328928947, acc = 86.5500%  [1731/2000].
--------------------------------------------------------------------------------
Current lr = 0.010000
Epoch [ 29/100] avg [loss = 0.053743221575306], [acc = 98.1625%]  [15706/16000]
Avg Dev loss = 0.742798689752817, acc = 85.6000%  [1712/2000].
--------------------------------------------------------------------------------
Current lr = 0.010000
Epoch [ 30/100] avg [loss = 0.053533838795764], [acc = 98.1812%]  [15709/16000]
Avg Dev loss = 0.726280651986599, acc = 87.2000%  [1744/2000].
--------------------------------------------------------------------------------
Current lr = 0.010000
Epoch [ 31/100] avg [loss = 0.054152489965042], [acc = 98.1188%]  [15699/16000]
Avg Dev loss = 0.724575646221638, acc = 85.7500%  [1715/2000].
--------------------------------------------------------------------------------
Current lr = 0.010000
Epoch [ 32/100] avg [loss = 0.052217501939999], [acc = 98.1750%]  [15708/16000]
Avg Dev loss = 0.750046808272600, acc = 86.6500%  [1733/2000].
--------------------------------------------------------------------------------
Current lr = 0.010000
Epoch [ 33/100] avg [loss = 0.054483180747382], [acc = 98.0312%]  [15685/16000]
Avg Dev loss = 0.715193841606379, acc = 86.8000%  [1736/2000].
--------------------------------------------------------------------------------
Current lr = 0.010000
Epoch [ 34/100] avg [loss = 0.046284593109574], [acc = 98.3500%]  [15736/16000]
Avg Dev loss = 0.749525174498558, acc = 87.2500%  [1745/2000].
--------------------------------------------------------------------------------
Current lr = 0.010000
Epoch [ 35/100] avg [loss = 0.044765558670319], [acc = 98.5438%]  [15767/16000]
Avg Dev loss = 0.780230768024921, acc = 86.5500%  [1731/2000].
--------------------------------------------------------------------------------
Current lr = 0.010000
Epoch [ 36/100] avg [loss = 0.043103548387686], [acc = 98.5375%]  [15766/16000]
Avg Dev loss = 0.733982782810926, acc = 87.5500%  [1751/2000].
Best Dev Acc: 0.8755%
--------------------------------------------------------------------------------
Current lr = 0.010000
Epoch [ 37/100] avg [loss = 0.043145440149284], [acc = 98.4500%]  [15752/16000]
Avg Dev loss = 0.751366540789604, acc = 87.2000%  [1744/2000].
--------------------------------------------------------------------------------
Current lr = 0.010000
Epoch [ 38/100] avg [loss = 0.045405121032326], [acc = 98.4813%]  [15757/16000]
Avg Dev loss = 0.766966842114925, acc = 86.1000%  [1722/2000].
--------------------------------------------------------------------------------
Current lr = 0.010000
Epoch [ 39/100] avg [loss = 0.047780534888189], [acc = 98.3000%]  [15728/16000]
Avg Dev loss = 0.736240595579147, acc = 87.1500%  [1743/2000].
--------------------------------------------------------------------------------
Current lr = 0.010000
Epoch [ 40/100] avg [loss = 0.043047005724576], [acc = 98.6562%]  [15785/16000]
Avg Dev loss = 0.728693004697561, acc = 87.4500%  [1749/2000].
--------------------------------------------------------------------------------
Current lr = 0.010000
Epoch [ 41/100] avg [loss = 0.031712952483859], [acc = 98.8250%]  [15812/16000]
Avg Dev loss = 0.746656566858292, acc = 87.1500%  [1743/2000].
--------------------------------------------------------------------------------
Current lr = 0.010000
Epoch [ 42/100] avg [loss = 0.031774590405384], [acc = 98.9875%]  [15838/16000]
Avg Dev loss = 0.770642735064030, acc = 87.0000%  [1740/2000].
--------------------------------------------------------------------------------
Current lr = 0.010000
Epoch [ 43/100] avg [loss = 0.035540317096526], [acc = 98.8625%]  [15818/16000]
Avg Dev loss = 0.755491659045219, acc = 87.7500%  [1755/2000].
Best Dev Acc: 0.8775%
--------------------------------------------------------------------------------
Current lr = 0.010000
Epoch [ 44/100] avg [loss = 0.038037607823277], [acc = 98.7000%]  [15792/16000]
Avg Dev loss = 0.761985693126917, acc = 86.5000%  [1730/2000].
--------------------------------------------------------------------------------
Current lr = 0.010000
Epoch [ 45/100] avg [loss = 0.044435114067580], [acc = 98.4000%]  [15744/16000]
Avg Dev loss = 0.752789914608002, acc = 86.9500%  [1739/2000].
--------------------------------------------------------------------------------
Current lr = 0.010000
Epoch [ 46/100] avg [loss = 0.038372131034968], [acc = 98.7125%]  [15794/16000]
Avg Dev loss = 0.767926413565874, acc = 87.2500%  [1745/2000].
--------------------------------------------------------------------------------
Current lr = 0.010000
Epoch [ 47/100] avg [loss = 0.036612415789730], [acc = 98.8438%]  [15815/16000]
Avg Dev loss = 0.786576665937901, acc = 86.5500%  [1731/2000].
--------------------------------------------------------------------------------
Current lr = 0.010000
Epoch [ 48/100] avg [loss = 0.031252032999570], [acc = 98.9938%]  [15839/16000]
Avg Dev loss = 0.831280268728733, acc = 86.8500%  [1737/2000].
--------------------------------------------------------------------------------
Current lr = 0.010000
Epoch [ 49/100] avg [loss = 0.031692313229931], [acc = 98.9688%]  [15835/16000]
Avg Dev loss = 0.872602835297585, acc = 86.5000%  [1730/2000].
--------------------------------------------------------------------------------
Current lr = 0.010000
Epoch [ 50/100] avg [loss = 0.037954594067756], [acc = 98.6688%]  [15787/16000]
Avg Dev loss = 0.815563581883907, acc = 85.7000%  [1714/2000].
--------------------------------------------------------------------------------
Current lr = 0.001000
Epoch [ 51/100] avg [loss = 0.022735121756023], [acc = 99.2188%]  [15875/16000]
Avg Dev loss = 0.801325678825378, acc = 86.3000%  [1726/2000].
--------------------------------------------------------------------------------
Current lr = 0.001000
Epoch [ 52/100] avg [loss = 0.015921218498122], [acc = 99.4688%]  [15915/16000]
Avg Dev loss = 0.807446897029877, acc = 86.3000%  [1726/2000].
--------------------------------------------------------------------------------
Current lr = 0.001000
Epoch [ 53/100] avg [loss = 0.010072311475163], [acc = 99.7062%]  [15953/16000]
Avg Dev loss = 0.808591045439243, acc = 86.7500%  [1735/2000].
--------------------------------------------------------------------------------
Current lr = 0.001000
Epoch [ 54/100] avg [loss = 0.009507691321362], [acc = 99.7062%]  [15953/16000]
Avg Dev loss = 0.820571877062321, acc = 87.0000%  [1740/2000].
--------------------------------------------------------------------------------
Current lr = 0.001000
Epoch [ 55/100] avg [loss = 0.006703113741611], [acc = 99.8313%]  [15973/16000]
Avg Dev loss = 0.830568090081215, acc = 86.6000%  [1732/2000].
--------------------------------------------------------------------------------
Current lr = 0.001000
Epoch [ 56/100] avg [loss = 0.007034706840632], [acc = 99.7687%]  [15963/16000]
Avg Dev loss = 0.860180199146271, acc = 86.4500%  [1729/2000].
--------------------------------------------------------------------------------
Current lr = 0.001000
Epoch [ 57/100] avg [loss = 0.006684045569735], [acc = 99.7875%]  [15966/16000]
Avg Dev loss = 0.859022513031960, acc = 86.6000%  [1732/2000].
--------------------------------------------------------------------------------
Current lr = 0.001000
Epoch [ 58/100] avg [loss = 0.007477225430886], [acc = 99.8187%]  [15971/16000]
Avg Dev loss = 0.871200248599052, acc = 86.6000%  [1732/2000].
--------------------------------------------------------------------------------
Current lr = 0.001000
Epoch [ 59/100] avg [loss = 0.005624627469048], [acc = 99.8375%]  [15974/16000]
Avg Dev loss = 0.874593250453472, acc = 86.9500%  [1739/2000].
--------------------------------------------------------------------------------
Current lr = 0.001000
Epoch [ 60/100] avg [loss = 0.005877772977184], [acc = 99.8313%]  [15973/16000]
Avg Dev loss = 0.889175273478031, acc = 86.6500%  [1733/2000].
--------------------------------------------------------------------------------
Current lr = 0.001000
Epoch [ 61/100] avg [loss = 0.004899485449728], [acc = 99.8812%]  [15981/16000]
Avg Dev loss = 0.885108210146427, acc = 86.7500%  [1735/2000].
--------------------------------------------------------------------------------
Current lr = 0.001000
Epoch [ 62/100] avg [loss = 0.005562078508009], [acc = 99.8375%]  [15974/16000]
Avg Dev loss = 0.899105720221996, acc = 86.7000%  [1734/2000].
--------------------------------------------------------------------------------
Current lr = 0.001000
Epoch [ 63/100] avg [loss = 0.004268540752246], [acc = 99.8812%]  [15981/16000]
Avg Dev loss = 0.908974021673203, acc = 86.9000%  [1738/2000].
--------------------------------------------------------------------------------
Current lr = 0.001000
Epoch [ 64/100] avg [loss = 0.003184429023855], [acc = 99.9437%]  [15991/16000]
Avg Dev loss = 0.920753143727779, acc = 86.8500%  [1737/2000].
--------------------------------------------------------------------------------
Current lr = 0.001000
Epoch [ 65/100] avg [loss = 0.004777962142451], [acc = 99.8563%]  [15977/16000]
Avg Dev loss = 0.930818811058998, acc = 86.5500%  [1731/2000].
--------------------------------------------------------------------------------
Current lr = 0.001000
Epoch [ 66/100] avg [loss = 0.003398156844519], [acc = 99.8875%]  [15982/16000]
Avg Dev loss = 0.934270597994328, acc = 86.6000%  [1732/2000].
--------------------------------------------------------------------------------
Current lr = 0.001000
Epoch [ 67/100] avg [loss = 0.003292471772136], [acc = 99.9062%]  [15985/16000]
Avg Dev loss = 0.936328120529652, acc = 86.9500%  [1739/2000].
--------------------------------------------------------------------------------
Current lr = 0.001000
Epoch [ 68/100] avg [loss = 0.003102076392333], [acc = 99.9125%]  [15986/16000]
Avg Dev loss = 0.942737057805061, acc = 87.0500%  [1741/2000].
--------------------------------------------------------------------------------
Current lr = 0.001000
Epoch [ 69/100] avg [loss = 0.002644727737846], [acc = 99.9375%]  [15990/16000]
Avg Dev loss = 0.945503093302250, acc = 87.0500%  [1741/2000].
--------------------------------------------------------------------------------
Current lr = 0.001000
Epoch [ 70/100] avg [loss = 0.003979429176460], [acc = 99.8687%]  [15979/16000]
Avg Dev loss = 0.956297419965267, acc = 86.9000%  [1738/2000].
--------------------------------------------------------------------------------
Current lr = 0.001000
Epoch [ 71/100] avg [loss = 0.004117749549637], [acc = 99.8875%]  [15982/16000]
Avg Dev loss = 0.963627196848392, acc = 86.7500%  [1735/2000].
--------------------------------------------------------------------------------
Current lr = 0.001000
Epoch [ 72/100] avg [loss = 0.003263381915906], [acc = 99.8750%]  [15980/16000]
Avg Dev loss = 0.986503995954990, acc = 86.9500%  [1739/2000].
--------------------------------------------------------------------------------
Current lr = 0.001000
Epoch [ 73/100] avg [loss = 0.002696105543273], [acc = 99.9188%]  [15987/16000]
Avg Dev loss = 0.980671674013138, acc = 87.0000%  [1740/2000].
--------------------------------------------------------------------------------
Current lr = 0.001000
Epoch [ 74/100] avg [loss = 0.002088238554337], [acc = 99.9313%]  [15989/16000]
Avg Dev loss = 0.992649100720882, acc = 87.2000%  [1744/2000].
--------------------------------------------------------------------------------
Current lr = 0.001000
Epoch [ 75/100] avg [loss = 0.002291546475294], [acc = 99.9562%]  [15993/16000]
Avg Dev loss = 0.999173834919930, acc = 86.7500%  [1735/2000].
--------------------------------------------------------------------------------
Current lr = 0.001000
Epoch [ 76/100] avg [loss = 0.002893224984176], [acc = 99.9062%]  [15985/16000]
Avg Dev loss = 0.994238764047623, acc = 87.0000%  [1740/2000].
--------------------------------------------------------------------------------
Current lr = 0.001000
Epoch [ 77/100] avg [loss = 0.003810880867864], [acc = 99.8875%]  [15982/16000]
Avg Dev loss = 0.998539596796036, acc = 87.0500%  [1741/2000].
--------------------------------------------------------------------------------
Current lr = 0.001000
Epoch [ 78/100] avg [loss = 0.002373188019856], [acc = 99.9250%]  [15988/16000]
Avg Dev loss = 1.001947440207005, acc = 87.2000%  [1744/2000].
--------------------------------------------------------------------------------
Current lr = 0.001000
Epoch [ 79/100] avg [loss = 0.002411353865884], [acc = 99.9375%]  [15990/16000]
Avg Dev loss = 1.016160272061825, acc = 87.5000%  [1750/2000].
--------------------------------------------------------------------------------
Current lr = 0.001000
Epoch [ 80/100] avg [loss = 0.002006496311561], [acc = 99.9250%]  [15988/16000]
Avg Dev loss = 1.022523984313011, acc = 87.1500%  [1743/2000].
--------------------------------------------------------------------------------
Current lr = 0.001000
Epoch [ 81/100] avg [loss = 0.002664066849291], [acc = 99.9062%]  [15985/16000]
Avg Dev loss = 1.023732848465443, acc = 87.0500%  [1741/2000].
--------------------------------------------------------------------------------
Current lr = 0.001000
Epoch [ 82/100] avg [loss = 0.002117185897077], [acc = 99.9500%]  [15992/16000]
Avg Dev loss = 1.024769976735115, acc = 86.9500%  [1739/2000].
--------------------------------------------------------------------------------
Current lr = 0.001000
Epoch [ 83/100] avg [loss = 0.003010235932177], [acc = 99.9250%]  [15988/16000]
Avg Dev loss = 1.025830090045929, acc = 87.0000%  [1740/2000].
--------------------------------------------------------------------------------
Current lr = 0.001000
Epoch [ 84/100] avg [loss = 0.001810222107913], [acc = 99.9562%]  [15993/16000]
Avg Dev loss = 1.030592165887356, acc = 87.0500%  [1741/2000].
--------------------------------------------------------------------------------
Current lr = 0.001000
Epoch [ 85/100] avg [loss = 0.001414561942049], [acc = 99.9625%]  [15994/16000]
Avg Dev loss = 1.040268510580063, acc = 87.0500%  [1741/2000].
--------------------------------------------------------------------------------
Current lr = 0.001000
Epoch [ 86/100] avg [loss = 0.002396079330610], [acc = 99.9188%]  [15987/16000]
Avg Dev loss = 1.043094798922539, acc = 87.3000%  [1746/2000].
--------------------------------------------------------------------------------
Current lr = 0.001000
Epoch [ 87/100] avg [loss = 0.002055290646933], [acc = 99.9313%]  [15989/16000]
Avg Dev loss = 1.047360546886921, acc = 87.1000%  [1742/2000].
--------------------------------------------------------------------------------
Current lr = 0.001000
Epoch [ 88/100] avg [loss = 0.001861605194992], [acc = 99.9437%]  [15991/16000]
Avg Dev loss = 1.052164249122143, acc = 86.8000%  [1736/2000].
--------------------------------------------------------------------------------
Current lr = 0.001000
Epoch [ 89/100] avg [loss = 0.002345339256863], [acc = 99.9250%]  [15988/16000]
Avg Dev loss = 1.053675673902035, acc = 87.1000%  [1742/2000].
--------------------------------------------------------------------------------
Current lr = 0.001000
Epoch [ 90/100] avg [loss = 0.002716004715088], [acc = 99.8937%]  [15983/16000]
Avg Dev loss = 1.045327015221119, acc = 86.8500%  [1737/2000].
--------------------------------------------------------------------------------
Current lr = 0.001000
Epoch [ 91/100] avg [loss = 0.001870481091222], [acc = 99.9437%]  [15991/16000]
Avg Dev loss = 1.046175181865692, acc = 87.4000%  [1748/2000].
--------------------------------------------------------------------------------
Current lr = 0.001000
Epoch [ 92/100] avg [loss = 0.001402381611923], [acc = 99.9688%]  [15995/16000]
Avg Dev loss = 1.066068761050701, acc = 87.3500%  [1747/2000].
--------------------------------------------------------------------------------
Current lr = 0.001000
Epoch [ 93/100] avg [loss = 0.001459151241775], [acc = 99.9688%]  [15995/16000]
Avg Dev loss = 1.051994942128658, acc = 87.1500%  [1743/2000].
--------------------------------------------------------------------------------
Current lr = 0.001000
Epoch [ 94/100] avg [loss = 0.001604220320472], [acc = 99.9625%]  [15994/16000]
Avg Dev loss = 1.064865157008171, acc = 87.0500%  [1741/2000].
--------------------------------------------------------------------------------
Current lr = 0.001000
Epoch [ 95/100] avg [loss = 0.001059614394069], [acc = 99.9875%]  [15998/16000]
Avg Dev loss = 1.070796161890030, acc = 86.9000%  [1738/2000].
--------------------------------------------------------------------------------
Current lr = 0.001000
Epoch [ 96/100] avg [loss = 0.002107460682358], [acc = 99.9188%]  [15987/16000]
Avg Dev loss = 1.069270767271519, acc = 86.8000%  [1736/2000].
--------------------------------------------------------------------------------
Current lr = 0.001000
Epoch [ 97/100] avg [loss = 0.001761355667166], [acc = 99.9625%]  [15994/16000]
Avg Dev loss = 1.081086449325085, acc = 87.0500%  [1741/2000].
--------------------------------------------------------------------------------
Current lr = 0.001000
Epoch [ 98/100] avg [loss = 0.002120373095836], [acc = 99.9313%]  [15989/16000]
Avg Dev loss = 1.118810668587685, acc = 86.9000%  [1738/2000].
--------------------------------------------------------------------------------
Current lr = 0.001000
Epoch [ 99/100] avg [loss = 0.001911404610072], [acc = 99.9313%]  [15989/16000]
Avg Dev loss = 1.109461836516857, acc = 86.7000%  [1734/2000].
--------------------------------------------------------------------------------
Current lr = 0.001000
Epoch [100/100] avg [loss = 0.002900944051131], [acc = 99.9188%]  [15987/16000]
Avg Dev loss = 1.094958789646626, acc = 87.0000%  [1740/2000].
Test data = 87.4000%  [1748/2000]
