Train: (16000, 76)
Val: (2000, 76)
Test: (2000, 76)
--------------------------------------------------------------------------------
Current lr = 0.010000
Epoch [  1/150] avg [loss = 0.678249779701234], [acc = 77.6312%]  [12421/16000]
Avg Dev loss = 0.437650147175032, acc = 84.0500%  [1681/2000].
Best Dev Acc: 0.8405%
--------------------------------------------------------------------------------
Current lr = 0.010000
Epoch [  2/150] avg [loss = 0.498879704177380], [acc = 82.4375%]  [13190/16000]
Avg Dev loss = 0.406685873866081, acc = 85.4000%  [1708/2000].
Best Dev Acc: 0.8540%
--------------------------------------------------------------------------------
Current lr = 0.010000
Epoch [  3/150] avg [loss = 0.443615494504571], [acc = 84.2938%]  [13487/16000]
Avg Dev loss = 0.415565704779019, acc = 85.7000%  [1714/2000].
Best Dev Acc: 0.8570%
--------------------------------------------------------------------------------
Current lr = 0.010000
Epoch [  4/150] avg [loss = 0.414019683986902], [acc = 85.4062%]  [13665/16000]
Avg Dev loss = 0.344742940531837, acc = 87.7500%  [1755/2000].
Best Dev Acc: 0.8775%
--------------------------------------------------------------------------------
Current lr = 0.010000
Epoch [  5/150] avg [loss = 0.388106047563255], [acc = 86.1250%]  [13780/16000]
Avg Dev loss = 0.374223487954291, acc = 86.2500%  [1725/2000].
--------------------------------------------------------------------------------
Current lr = 0.010000
Epoch [  6/150] avg [loss = 0.364926148653030], [acc = 86.9437%]  [13911/16000]
Avg Dev loss = 0.342252879980065, acc = 87.4500%  [1749/2000].
--------------------------------------------------------------------------------
Current lr = 0.010000
Epoch [  7/150] avg [loss = 0.342298220828176], [acc = 87.7062%]  [14033/16000]
Avg Dev loss = 0.353517896244450, acc = 87.1000%  [1742/2000].
--------------------------------------------------------------------------------
Current lr = 0.010000
Epoch [  8/150] avg [loss = 0.325248352475464], [acc = 87.9000%]  [14064/16000]
Avg Dev loss = 0.356634680240873, acc = 87.4000%  [1748/2000].
--------------------------------------------------------------------------------
Current lr = 0.010000
Epoch [  9/150] avg [loss = 0.314205529861152], [acc = 88.5938%]  [14175/16000]
Avg Dev loss = 0.381180110195326, acc = 87.3000%  [1746/2000].
--------------------------------------------------------------------------------
Current lr = 0.010000
Epoch [ 10/150] avg [loss = 0.299483747057616], [acc = 88.9062%]  [14225/16000]
Avg Dev loss = 0.356004823176634, acc = 87.2000%  [1744/2000].
--------------------------------------------------------------------------------
Current lr = 0.010000
Epoch [ 11/150] avg [loss = 0.285508466959000], [acc = 89.3188%]  [14291/16000]
Avg Dev loss = 0.383514670507302, acc = 87.0500%  [1741/2000].
--------------------------------------------------------------------------------
Current lr = 0.010000
Epoch [ 12/150] avg [loss = 0.272234177678823], [acc = 90.2250%]  [14436/16000]
Avg Dev loss = 0.339377940292396, acc = 88.4000%  [1768/2000].
Best Dev Acc: 0.8840%
--------------------------------------------------------------------------------
Current lr = 0.010000
Epoch [ 13/150] avg [loss = 0.250600249461830], [acc = 90.7812%]  [14525/16000]
Avg Dev loss = 0.377052470095574, acc = 87.2500%  [1745/2000].
--------------------------------------------------------------------------------
Current lr = 0.010000
Epoch [ 14/150] avg [loss = 0.252946774512529], [acc = 90.6375%]  [14502/16000]
Avg Dev loss = 0.390916519931385, acc = 86.2000%  [1724/2000].
--------------------------------------------------------------------------------
Current lr = 0.010000
Epoch [ 15/150] avg [loss = 0.241747884102166], [acc = 91.1312%]  [14581/16000]
Avg Dev loss = 0.377421691540688, acc = 87.4000%  [1748/2000].
--------------------------------------------------------------------------------
Current lr = 0.010000
Epoch [ 16/150] avg [loss = 0.227135627422482], [acc = 91.5812%]  [14653/16000]
Avg Dev loss = 0.357823247829127, acc = 87.9500%  [1759/2000].
--------------------------------------------------------------------------------
Current lr = 0.010000
Epoch [ 17/150] avg [loss = 0.227434732293710], [acc = 91.7438%]  [14679/16000]
Avg Dev loss = 0.401054339158157, acc = 87.3000%  [1746/2000].
--------------------------------------------------------------------------------
Current lr = 0.010000
Epoch [ 18/150] avg [loss = 0.209815752983093], [acc = 92.1500%]  [14744/16000]
Avg Dev loss = 0.378782225151857, acc = 87.1500%  [1743/2000].
--------------------------------------------------------------------------------
Current lr = 0.010000
Epoch [ 19/150] avg [loss = 0.218324454773217], [acc = 92.1125%]  [14738/16000]
Avg Dev loss = 0.398123146522613, acc = 87.6000%  [1752/2000].
--------------------------------------------------------------------------------
Current lr = 0.010000
Epoch [ 20/150] avg [loss = 0.190822347603739], [acc = 93.0250%]  [14884/16000]
Avg Dev loss = 0.415248700787151, acc = 87.5500%  [1751/2000].
--------------------------------------------------------------------------------
Current lr = 0.010000
Epoch [ 21/150] avg [loss = 0.188572767788544], [acc = 93.0687%]  [14891/16000]
Avg Dev loss = 0.407997618591974, acc = 87.6500%  [1753/2000].
--------------------------------------------------------------------------------
Current lr = 0.010000
Epoch [ 22/150] avg [loss = 0.182884934362024], [acc = 93.1937%]  [14911/16000]
Avg Dev loss = 0.408214097162561, acc = 87.8000%  [1756/2000].
--------------------------------------------------------------------------------
Current lr = 0.010000
Epoch [ 23/150] avg [loss = 0.180478682257235], [acc = 93.5187%]  [14963/16000]
Avg Dev loss = 0.444692163949921, acc = 86.5000%  [1730/2000].
--------------------------------------------------------------------------------
Current lr = 0.010000
Epoch [ 24/150] avg [loss = 0.170008527977392], [acc = 93.5625%]  [14970/16000]
Avg Dev loss = 0.446628911391137, acc = 86.4500%  [1729/2000].
--------------------------------------------------------------------------------
Current lr = 0.010000
Epoch [ 25/150] avg [loss = 0.179947805423289], [acc = 93.7188%]  [14995/16000]
Avg Dev loss = 0.407687663913719, acc = 86.7500%  [1735/2000].
--------------------------------------------------------------------------------
Current lr = 0.010000
Epoch [ 26/150] avg [loss = 0.153980999283493], [acc = 94.3187%]  [15091/16000]
Avg Dev loss = 0.449019559555584, acc = 86.8000%  [1736/2000].
--------------------------------------------------------------------------------
Current lr = 0.010000
Epoch [ 27/150] avg [loss = 0.155893413775601], [acc = 94.1063%]  [15057/16000]
Avg Dev loss = 0.443294824825393, acc = 87.6500%  [1753/2000].
--------------------------------------------------------------------------------
Current lr = 0.010000
Epoch [ 28/150] avg [loss = 0.159024086718448], [acc = 94.1625%]  [15066/16000]
Avg Dev loss = 0.465899001629580, acc = 87.3000%  [1746/2000].
--------------------------------------------------------------------------------
Current lr = 0.010000
Epoch [ 29/150] avg [loss = 0.154601455966942], [acc = 94.4250%]  [15108/16000]
Avg Dev loss = 0.443684069291940, acc = 86.9500%  [1739/2000].
--------------------------------------------------------------------------------
Current lr = 0.010000
Epoch [ 30/150] avg [loss = 0.143781336076558], [acc = 94.8563%]  [15177/16000]
Avg Dev loss = 0.463468817905301, acc = 87.8500%  [1757/2000].
--------------------------------------------------------------------------------
Current lr = 0.010000
Epoch [ 31/150] avg [loss = 0.142412485639565], [acc = 95.0438%]  [15207/16000]
Avg Dev loss = 0.515858537384442, acc = 86.8000%  [1736/2000].
--------------------------------------------------------------------------------
Current lr = 0.010000
Epoch [ 32/150] avg [loss = 0.143983305014670], [acc = 94.8625%]  [15178/16000]
Avg Dev loss = 0.484022032262550, acc = 86.7000%  [1734/2000].
--------------------------------------------------------------------------------
Current lr = 0.010000
Epoch [ 33/150] avg [loss = 0.136481310769915], [acc = 94.9938%]  [15199/16000]
Avg Dev loss = 0.495707408658096, acc = 87.3500%  [1747/2000].
--------------------------------------------------------------------------------
Current lr = 0.010000
Epoch [ 34/150] avg [loss = 0.120834237639327], [acc = 95.5187%]  [15283/16000]
Avg Dev loss = 0.472357863353358, acc = 87.5000%  [1750/2000].
--------------------------------------------------------------------------------
Current lr = 0.010000
Epoch [ 35/150] avg [loss = 0.130688655207399], [acc = 95.2687%]  [15243/16000]
Avg Dev loss = 0.459858035639165, acc = 87.8000%  [1756/2000].
--------------------------------------------------------------------------------
Current lr = 0.010000
Epoch [ 36/150] avg [loss = 0.128646754989401], [acc = 95.5938%]  [15295/16000]
Avg Dev loss = 0.445305550855304, acc = 88.1000%  [1762/2000].
--------------------------------------------------------------------------------
Current lr = 0.010000
Epoch [ 37/150] avg [loss = 0.123762417549267], [acc = 95.4688%]  [15275/16000]
Avg Dev loss = 0.480469769665173, acc = 87.5500%  [1751/2000].
--------------------------------------------------------------------------------
Current lr = 0.010000
Epoch [ 38/150] avg [loss = 0.130441758736968], [acc = 95.5000%]  [15280/16000]
Avg Dev loss = 0.460846365089454, acc = 88.1000%  [1762/2000].
--------------------------------------------------------------------------------
Current lr = 0.010000
Epoch [ 39/150] avg [loss = 0.116191904652165], [acc = 95.9375%]  [15350/16000]
Avg Dev loss = 0.527678928914524, acc = 87.5000%  [1750/2000].
--------------------------------------------------------------------------------
Current lr = 0.010000
Epoch [ 40/150] avg [loss = 0.123544965337031], [acc = 95.7000%]  [15312/16000]
Avg Dev loss = 0.471720595681478, acc = 87.5000%  [1750/2000].
--------------------------------------------------------------------------------
Current lr = 0.010000
Epoch [ 41/150] avg [loss = 0.104655155459419], [acc = 96.3312%]  [15413/16000]
Avg Dev loss = 0.515460308404669, acc = 88.2500%  [1765/2000].
--------------------------------------------------------------------------------
Current lr = 0.010000
Epoch [ 42/150] avg [loss = 0.111879875120241], [acc = 96.1000%]  [15376/16000]
Avg Dev loss = 0.533897324923485, acc = 87.8000%  [1756/2000].
--------------------------------------------------------------------------------
Current lr = 0.010000
Epoch [ 43/150] avg [loss = 0.111976351608522], [acc = 96.1812%]  [15389/16000]
Avg Dev loss = 0.576582540299684, acc = 87.4000%  [1748/2000].
--------------------------------------------------------------------------------
Current lr = 0.010000
Epoch [ 44/150] avg [loss = 0.113631117874058], [acc = 96.1562%]  [15385/16000]
Avg Dev loss = 0.519048650704679, acc = 87.5500%  [1751/2000].
--------------------------------------------------------------------------------
Current lr = 0.010000
Epoch [ 45/150] avg [loss = 0.107148227033205], [acc = 96.0750%]  [15372/16000]
Avg Dev loss = 0.502454446924348, acc = 87.3000%  [1746/2000].
--------------------------------------------------------------------------------
Current lr = 0.010000
Epoch [ 46/150] avg [loss = 0.101242078455165], [acc = 96.6125%]  [15458/16000]
Avg Dev loss = 0.494670224390806, acc = 87.5500%  [1751/2000].
--------------------------------------------------------------------------------
Current lr = 0.010000
Epoch [ 47/150] avg [loss = 0.117430483739823], [acc = 96.1937%]  [15391/16000]
Avg Dev loss = 0.557727986858004, acc = 87.8500%  [1757/2000].
--------------------------------------------------------------------------------
Current lr = 0.010000
Epoch [ 48/150] avg [loss = 0.104490763981594], [acc = 96.4625%]  [15434/16000]
Avg Dev loss = 0.562548463927612, acc = 87.5000%  [1750/2000].
--------------------------------------------------------------------------------
Current lr = 0.010000
Epoch [ 49/150] avg [loss = 0.103736638284521], [acc = 96.4562%]  [15433/16000]
Avg Dev loss = 0.510751320906575, acc = 87.4000%  [1748/2000].
--------------------------------------------------------------------------------
Current lr = 0.010000
Epoch [ 50/150] avg [loss = 0.096112674844451], [acc = 96.6063%]  [15457/16000]
Avg Dev loss = 0.529580070444989, acc = 88.5000%  [1770/2000].
Best Dev Acc: 0.8850%
--------------------------------------------------------------------------------
Current lr = 0.001000
Epoch [ 51/150] avg [loss = 0.066804785177577], [acc = 97.5437%]  [15607/16000]
Avg Dev loss = 0.532575854233333, acc = 88.4500%  [1769/2000].
--------------------------------------------------------------------------------
Current lr = 0.001000
Epoch [ 52/150] avg [loss = 0.055821871156339], [acc = 98.0438%]  [15687/16000]
Avg Dev loss = 0.567087659582732, acc = 88.2500%  [1765/2000].
--------------------------------------------------------------------------------
Current lr = 0.001000
Epoch [ 53/150] avg [loss = 0.049546128723130], [acc = 98.2125%]  [15714/16000]
Avg Dev loss = 0.578262367123176, acc = 88.9000%  [1778/2000].
Best Dev Acc: 0.8890%
--------------------------------------------------------------------------------
Current lr = 0.001000
Epoch [ 54/150] avg [loss = 0.045969090299157], [acc = 98.4250%]  [15748/16000]
Avg Dev loss = 0.590857523064765, acc = 88.4000%  [1768/2000].
--------------------------------------------------------------------------------
Current lr = 0.001000
Epoch [ 55/150] avg [loss = 0.041846771017881], [acc = 98.4313%]  [15749/16000]
Avg Dev loss = 0.613075988662858, acc = 88.3500%  [1767/2000].
--------------------------------------------------------------------------------
Current lr = 0.001000
Epoch [ 56/150] avg [loss = 0.038533663952228], [acc = 98.6188%]  [15779/16000]
Avg Dev loss = 0.616939006521115, acc = 88.8500%  [1777/2000].
--------------------------------------------------------------------------------
Current lr = 0.001000
Epoch [ 57/150] avg [loss = 0.038219510864350], [acc = 98.6688%]  [15787/16000]
Avg Dev loss = 0.625709714752341, acc = 88.4500%  [1769/2000].
--------------------------------------------------------------------------------
Current lr = 0.001000
Epoch [ 58/150] avg [loss = 0.032099495362258], [acc = 98.9250%]  [15828/16000]
Avg Dev loss = 0.661113546008155, acc = 88.5000%  [1770/2000].
--------------------------------------------------------------------------------
Current lr = 0.001000
Epoch [ 59/150] avg [loss = 0.041697315088590], [acc = 98.5875%]  [15774/16000]
Avg Dev loss = 0.630345514842442, acc = 88.2000%  [1764/2000].
--------------------------------------------------------------------------------
Current lr = 0.001000
Epoch [ 60/150] avg [loss = 0.034282587445996], [acc = 98.8500%]  [15816/16000]
Avg Dev loss = 0.643482596628249, acc = 88.3000%  [1766/2000].
--------------------------------------------------------------------------------
Current lr = 0.001000
Epoch [ 61/150] avg [loss = 0.032541506741429], [acc = 98.9125%]  [15826/16000]
Avg Dev loss = 0.659999160894326, acc = 88.1500%  [1763/2000].
--------------------------------------------------------------------------------
Current lr = 0.001000
Epoch [ 62/150] avg [loss = 0.028539326350670], [acc = 99.0125%]  [15842/16000]
Avg Dev loss = 0.649011024170452, acc = 88.7000%  [1774/2000].
--------------------------------------------------------------------------------
Current lr = 0.001000
Epoch [ 63/150] avg [loss = 0.030726113656725], [acc = 99.1250%]  [15860/16000]
Avg Dev loss = 0.673599940473362, acc = 88.9000%  [1778/2000].
--------------------------------------------------------------------------------
Current lr = 0.001000
Epoch [ 64/150] avg [loss = 0.026758659953935], [acc = 99.0125%]  [15842/16000]
Avg Dev loss = 0.667054178459304, acc = 88.4000%  [1768/2000].
--------------------------------------------------------------------------------
Current lr = 0.001000
Epoch [ 65/150] avg [loss = 0.028330940380256], [acc = 99.1062%]  [15857/16000]
Avg Dev loss = 0.686947152432468, acc = 88.2500%  [1765/2000].
--------------------------------------------------------------------------------
Current lr = 0.001000
Epoch [ 66/150] avg [loss = 0.028289228564994], [acc = 98.9813%]  [15837/16000]
Avg Dev loss = 0.677448627287670, acc = 88.0500%  [1761/2000].
--------------------------------------------------------------------------------
Current lr = 0.001000
Epoch [ 67/150] avg [loss = 0.028263891077673], [acc = 99.0563%]  [15849/16000]
Avg Dev loss = 0.696458529089651, acc = 88.1500%  [1763/2000].
--------------------------------------------------------------------------------
Current lr = 0.001000
Epoch [ 68/150] avg [loss = 0.028429620891198], [acc = 99.0000%]  [15840/16000]
Avg Dev loss = 0.708249905871020, acc = 88.3000%  [1766/2000].
--------------------------------------------------------------------------------
Current lr = 0.001000
Epoch [ 69/150] avg [loss = 0.028094893653404], [acc = 99.0812%]  [15853/16000]
Avg Dev loss = 0.699036041644239, acc = 88.4500%  [1769/2000].
--------------------------------------------------------------------------------
Current lr = 0.001000
Epoch [ 70/150] avg [loss = 0.022838741039624], [acc = 99.2625%]  [15882/16000]
Avg Dev loss = 0.707155714373267, acc = 88.1000%  [1762/2000].
--------------------------------------------------------------------------------
Current lr = 0.001000
Epoch [ 71/150] avg [loss = 0.025712323366424], [acc = 99.1688%]  [15867/16000]
Avg Dev loss = 0.712556698285635, acc = 88.1500%  [1763/2000].
--------------------------------------------------------------------------------
Current lr = 0.001000
Epoch [ 72/150] avg [loss = 0.025956194170809], [acc = 99.1062%]  [15857/16000]
Avg Dev loss = 0.682217146255194, acc = 88.4500%  [1769/2000].
--------------------------------------------------------------------------------
Current lr = 0.001000
Epoch [ 73/150] avg [loss = 0.023602725543606], [acc = 99.1875%]  [15870/16000]
Avg Dev loss = 0.711755492709696, acc = 88.1000%  [1762/2000].
--------------------------------------------------------------------------------
Current lr = 0.001000
Epoch [ 74/150] avg [loss = 0.026146707699641], [acc = 99.0750%]  [15852/16000]
Avg Dev loss = 0.732520225856985, acc = 88.3000%  [1766/2000].
--------------------------------------------------------------------------------
Current lr = 0.001000
Epoch [ 75/150] avg [loss = 0.023440530897686], [acc = 99.2250%]  [15876/16000]
Avg Dev loss = 0.752342616281812, acc = 87.9000%  [1758/2000].
--------------------------------------------------------------------------------
Current lr = 0.001000
Epoch [ 76/150] avg [loss = 0.024674898877085], [acc = 99.2313%]  [15877/16000]
Avg Dev loss = 0.741503924308788, acc = 87.9500%  [1759/2000].
--------------------------------------------------------------------------------
Current lr = 0.001000
Epoch [ 77/150] avg [loss = 0.021881190241576], [acc = 99.2437%]  [15879/16000]
Avg Dev loss = 0.753138751382866, acc = 88.1500%  [1763/2000].
--------------------------------------------------------------------------------
Current lr = 0.001000
Epoch [ 78/150] avg [loss = 0.021716046902882], [acc = 99.2625%]  [15882/16000]
Avg Dev loss = 0.743209851284822, acc = 87.7500%  [1755/2000].
--------------------------------------------------------------------------------
Current lr = 0.001000
Epoch [ 79/150] avg [loss = 0.020736388110316], [acc = 99.2875%]  [15886/16000]
Avg Dev loss = 0.768743130954958, acc = 88.3000%  [1766/2000].
--------------------------------------------------------------------------------
Current lr = 0.001000
Epoch [ 80/150] avg [loss = 0.021843765821013], [acc = 99.2375%]  [15878/16000]
Avg Dev loss = 0.721140452024955, acc = 88.5000%  [1770/2000].
--------------------------------------------------------------------------------
Current lr = 0.001000
Epoch [ 81/150] avg [loss = 0.021052805013082], [acc = 99.3062%]  [15889/16000]
Avg Dev loss = 0.745749374082873, acc = 88.5500%  [1771/2000].
--------------------------------------------------------------------------------
Current lr = 0.001000
Epoch [ 82/150] avg [loss = 0.020378660325572], [acc = 99.2750%]  [15884/16000]
Avg Dev loss = 0.782097571765975, acc = 88.3000%  [1766/2000].
--------------------------------------------------------------------------------
Current lr = 0.001000
Epoch [ 83/150] avg [loss = 0.020572295925143], [acc = 99.2750%]  [15884/16000]
Avg Dev loss = 0.748124655277010, acc = 88.2500%  [1765/2000].
--------------------------------------------------------------------------------
Current lr = 0.001000
Epoch [ 84/150] avg [loss = 0.017738324987440], [acc = 99.3875%]  [15902/16000]
Avg Dev loss = 0.770406506216478, acc = 88.5000%  [1770/2000].
--------------------------------------------------------------------------------
Current lr = 0.001000
Epoch [ 85/150] avg [loss = 0.018033464812055], [acc = 99.4375%]  [15910/16000]
Avg Dev loss = 0.791403566679311, acc = 88.3000%  [1766/2000].
--------------------------------------------------------------------------------
Current lr = 0.001000
Epoch [ 86/150] avg [loss = 0.019787522827421], [acc = 99.3313%]  [15893/16000]
Avg Dev loss = 0.799836451054684, acc = 87.9000%  [1758/2000].
--------------------------------------------------------------------------------
Current lr = 0.001000
Epoch [ 87/150] avg [loss = 0.020743760983587], [acc = 99.2938%]  [15887/16000]
Avg Dev loss = 0.792400882150682, acc = 87.6500%  [1753/2000].
--------------------------------------------------------------------------------
Current lr = 0.001000
Epoch [ 88/150] avg [loss = 0.018867806847986], [acc = 99.3750%]  [15900/16000]
Avg Dev loss = 0.757253607705472, acc = 88.1500%  [1763/2000].
--------------------------------------------------------------------------------
Current lr = 0.001000
Epoch [ 89/150] avg [loss = 0.019706137841051], [acc = 99.2938%]  [15887/16000]
Avg Dev loss = 0.785976645374109, acc = 87.6500%  [1753/2000].
--------------------------------------------------------------------------------
Current lr = 0.001000
Epoch [ 90/150] avg [loss = 0.015373721117121], [acc = 99.4750%]  [15916/16000]
Avg Dev loss = 0.839968387924490, acc = 88.0500%  [1761/2000].
--------------------------------------------------------------------------------
Current lr = 0.001000
Epoch [ 91/150] avg [loss = 0.021760652622109], [acc = 99.2875%]  [15886/16000]
Avg Dev loss = 0.816183782345246, acc = 88.2000%  [1764/2000].
--------------------------------------------------------------------------------
Current lr = 0.001000
Epoch [ 92/150] avg [loss = 0.019042106245046], [acc = 99.3250%]  [15892/16000]
Avg Dev loss = 0.808948813198459, acc = 88.0000%  [1760/2000].
--------------------------------------------------------------------------------
Current lr = 0.001000
Epoch [ 93/150] avg [loss = 0.016902195460665], [acc = 99.4313%]  [15909/16000]
Avg Dev loss = 0.823799061278502, acc = 88.0500%  [1761/2000].
--------------------------------------------------------------------------------
Current lr = 0.001000
Epoch [ 94/150] avg [loss = 0.018416660244795], [acc = 99.4000%]  [15904/16000]
Avg Dev loss = 0.837529537186677, acc = 87.9500%  [1759/2000].
--------------------------------------------------------------------------------
Current lr = 0.001000
Epoch [ 95/150] avg [loss = 0.020043335145263], [acc = 99.3313%]  [15893/16000]
Avg Dev loss = 0.803320271983033, acc = 88.2500%  [1765/2000].
--------------------------------------------------------------------------------
Current lr = 0.001000
Epoch [ 96/150] avg [loss = 0.016058630317442], [acc = 99.4625%]  [15914/16000]
Avg Dev loss = 0.813014394411492, acc = 87.9000%  [1758/2000].
--------------------------------------------------------------------------------
Current lr = 0.001000
Epoch [ 97/150] avg [loss = 0.017902594572259], [acc = 99.3812%]  [15901/16000]
Avg Dev loss = 0.809103026572201, acc = 87.8500%  [1757/2000].
--------------------------------------------------------------------------------
Current lr = 0.001000
Epoch [ 98/150] avg [loss = 0.015306102036098], [acc = 99.4062%]  [15905/16000]
Avg Dev loss = 0.817731453977998, acc = 88.0500%  [1761/2000].
--------------------------------------------------------------------------------
Current lr = 0.001000
Epoch [ 99/150] avg [loss = 0.017897293770893], [acc = 99.3375%]  [15894/16000]
Avg Dev loss = 0.815773811775245, acc = 88.1000%  [1762/2000].
--------------------------------------------------------------------------------
Current lr = 0.001000
Epoch [100/150] avg [loss = 0.020274309050336], [acc = 99.3062%]  [15889/16000]
Avg Dev loss = 0.808735405863633, acc = 87.9500%  [1759/2000].
--------------------------------------------------------------------------------
Current lr = 0.000100
Epoch [101/150] avg [loss = 0.017273767061601], [acc = 99.4062%]  [15905/16000]
Avg Dev loss = 0.805175994855485, acc = 87.6500%  [1753/2000].
--------------------------------------------------------------------------------
Current lr = 0.000100
Epoch [102/150] avg [loss = 0.013154692228314], [acc = 99.5812%]  [15933/16000]
Avg Dev loss = 0.825064721480307, acc = 88.2500%  [1765/2000].
--------------------------------------------------------------------------------
Current lr = 0.000100
Epoch [103/150] avg [loss = 0.016936466195600], [acc = 99.4625%]  [15914/16000]
Avg Dev loss = 0.794967317717179, acc = 88.1000%  [1762/2000].
--------------------------------------------------------------------------------
Current lr = 0.000100
Epoch [104/150] avg [loss = 0.015490138257826], [acc = 99.4188%]  [15907/16000]
Avg Dev loss = 0.790520036803736, acc = 88.2500%  [1765/2000].
--------------------------------------------------------------------------------
Current lr = 0.000100
Epoch [105/150] avg [loss = 0.014447076209199], [acc = 99.5000%]  [15920/16000]
Avg Dev loss = 0.823882568095411, acc = 87.9000%  [1758/2000].
--------------------------------------------------------------------------------
Current lr = 0.000100
Epoch [106/150] avg [loss = 0.015004727431883], [acc = 99.4250%]  [15908/16000]
Avg Dev loss = 0.809968586611960, acc = 87.6500%  [1753/2000].
--------------------------------------------------------------------------------
Current lr = 0.000100
Epoch [107/150] avg [loss = 0.012834581906674], [acc = 99.6188%]  [15939/16000]
Avg Dev loss = 0.805479803152146, acc = 88.5000%  [1770/2000].
--------------------------------------------------------------------------------
Current lr = 0.000100
Epoch [108/150] avg [loss = 0.017521997064511], [acc = 99.3875%]  [15902/16000]
Avg Dev loss = 0.794147600878089, acc = 88.2500%  [1765/2000].
--------------------------------------------------------------------------------
Current lr = 0.000100
Epoch [109/150] avg [loss = 0.016818215517100], [acc = 99.4813%]  [15917/16000]
Avg Dev loss = 0.806163134807277, acc = 88.2000%  [1764/2000].
--------------------------------------------------------------------------------
Current lr = 0.000100
Epoch [110/150] avg [loss = 0.015368564431290], [acc = 99.4813%]  [15917/16000]
Avg Dev loss = 0.797538728763660, acc = 88.1500%  [1763/2000].
--------------------------------------------------------------------------------
Current lr = 0.000100
Epoch [111/150] avg [loss = 0.015183595728067], [acc = 99.4875%]  [15918/16000]
Avg Dev loss = 0.816829803196477, acc = 87.8500%  [1757/2000].
--------------------------------------------------------------------------------
Current lr = 0.000100
Epoch [112/150] avg [loss = 0.015559486182947], [acc = 99.4813%]  [15917/16000]
Avg Dev loss = 0.822949454750097, acc = 88.4500%  [1769/2000].
--------------------------------------------------------------------------------
Current lr = 0.000100
Epoch [113/150] avg [loss = 0.014714058520356], [acc = 99.4938%]  [15919/16000]
Avg Dev loss = 0.822328809589621, acc = 88.2500%  [1765/2000].
--------------------------------------------------------------------------------
Current lr = 0.000100
Epoch [114/150] avg [loss = 0.015002819580117], [acc = 99.5125%]  [15922/16000]
Avg Dev loss = 0.800488815332452, acc = 88.0500%  [1761/2000].
--------------------------------------------------------------------------------
Current lr = 0.000100
Epoch [115/150] avg [loss = 0.013951331421007], [acc = 99.5375%]  [15926/16000]
Avg Dev loss = 0.824846086269687, acc = 87.9500%  [1759/2000].
--------------------------------------------------------------------------------
Current lr = 0.000100
Epoch [116/150] avg [loss = 0.014692273053373], [acc = 99.5062%]  [15921/16000]
Avg Dev loss = 0.828803039019159, acc = 87.6000%  [1752/2000].
--------------------------------------------------------------------------------
Current lr = 0.000100
Epoch [117/150] avg [loss = 0.012865736197789], [acc = 99.5625%]  [15930/16000]
Avg Dev loss = 0.840858905420949, acc = 88.1000%  [1762/2000].
--------------------------------------------------------------------------------
Current lr = 0.000100
Epoch [118/150] avg [loss = 0.014356773212043], [acc = 99.5125%]  [15922/16000]
Avg Dev loss = 0.846193450296091, acc = 88.1500%  [1763/2000].
--------------------------------------------------------------------------------
Current lr = 0.000100
Epoch [119/150] avg [loss = 0.016525394608687], [acc = 99.4375%]  [15910/16000]
Avg Dev loss = 0.805136186277701, acc = 88.0000%  [1760/2000].
--------------------------------------------------------------------------------
Current lr = 0.000100
Epoch [120/150] avg [loss = 0.014626609769995], [acc = 99.5375%]  [15926/16000]
Avg Dev loss = 0.833380238186302, acc = 87.7500%  [1755/2000].
--------------------------------------------------------------------------------
Current lr = 0.000100
Epoch [121/150] avg [loss = 0.014988267282188], [acc = 99.4750%]  [15916/16000]
Avg Dev loss = 0.829996614513682, acc = 87.9000%  [1758/2000].
--------------------------------------------------------------------------------
Current lr = 0.000100
Epoch [122/150] avg [loss = 0.015096579658028], [acc = 99.5062%]  [15921/16000]
Avg Dev loss = 0.808762501156519, acc = 88.0000%  [1760/2000].
--------------------------------------------------------------------------------
Current lr = 0.000100
Epoch [123/150] avg [loss = 0.016171569869752], [acc = 99.5125%]  [15922/16000]
Avg Dev loss = 0.838588682239846, acc = 87.8000%  [1756/2000].
--------------------------------------------------------------------------------
Current lr = 0.000100
Epoch [124/150] avg [loss = 0.014906261398968], [acc = 99.5062%]  [15921/16000]
Avg Dev loss = 0.825391244113682, acc = 87.7000%  [1754/2000].
--------------------------------------------------------------------------------
Current lr = 0.000100
Epoch [125/150] avg [loss = 0.012405471773174], [acc = 99.5938%]  [15935/16000]
Avg Dev loss = 0.822819549058165, acc = 87.9000%  [1758/2000].
--------------------------------------------------------------------------------
Current lr = 0.000100
Epoch [126/150] avg [loss = 0.013454068000713], [acc = 99.5312%]  [15925/16000]
Avg Dev loss = 0.824624440233622, acc = 88.1000%  [1762/2000].
--------------------------------------------------------------------------------
Current lr = 0.000100
Epoch [127/150] avg [loss = 0.016576856807764], [acc = 99.4375%]  [15910/16000]
Avg Dev loss = 0.834742377408676, acc = 88.0000%  [1760/2000].
--------------------------------------------------------------------------------
Current lr = 0.000100
Epoch [128/150] avg [loss = 0.015429296971255], [acc = 99.4750%]  [15916/16000]
Avg Dev loss = 0.835205467654362, acc = 88.2000%  [1764/2000].
--------------------------------------------------------------------------------
Current lr = 0.000100
Epoch [129/150] avg [loss = 0.014884766322964], [acc = 99.5500%]  [15928/16000]
Avg Dev loss = 0.827638494493883, acc = 87.7000%  [1754/2000].
--------------------------------------------------------------------------------
Current lr = 0.000100
Epoch [130/150] avg [loss = 0.015627930476488], [acc = 99.5062%]  [15921/16000]
Avg Dev loss = 0.811868285523757, acc = 87.9500%  [1759/2000].
--------------------------------------------------------------------------------
Current lr = 0.000100
Epoch [131/150] avg [loss = 0.013191934011829], [acc = 99.5938%]  [15935/16000]
Avg Dev loss = 0.818873809709672, acc = 87.9500%  [1759/2000].
--------------------------------------------------------------------------------
Current lr = 0.000100
Epoch [132/150] avg [loss = 0.013817371703513], [acc = 99.4875%]  [15918/16000]
Avg Dev loss = 0.808331343744482, acc = 88.1000%  [1762/2000].
--------------------------------------------------------------------------------
Current lr = 0.000100
Epoch [133/150] avg [loss = 0.017139465624121], [acc = 99.4688%]  [15915/16000]
Avg Dev loss = 0.839468288264932, acc = 88.0500%  [1761/2000].
--------------------------------------------------------------------------------
Current lr = 0.000100
Epoch [134/150] avg [loss = 0.015184997851928], [acc = 99.5438%]  [15927/16000]
Avg Dev loss = 0.836921680371262, acc = 87.9000%  [1758/2000].
--------------------------------------------------------------------------------
Current lr = 0.000100
Epoch [135/150] avg [loss = 0.014245360422312], [acc = 99.5187%]  [15923/16000]
Avg Dev loss = 0.833803065949016, acc = 88.1500%  [1763/2000].
--------------------------------------------------------------------------------
Current lr = 0.000100
Epoch [136/150] avg [loss = 0.013536791285464], [acc = 99.5938%]  [15935/16000]
Avg Dev loss = 0.811385487738465, acc = 88.0000%  [1760/2000].
--------------------------------------------------------------------------------
Current lr = 0.000100
Epoch [137/150] avg [loss = 0.017577845222655], [acc = 99.4562%]  [15913/16000]
Avg Dev loss = 0.815116727399448, acc = 88.0000%  [1760/2000].
--------------------------------------------------------------------------------
Current lr = 0.000100
Epoch [138/150] avg [loss = 0.014683646416532], [acc = 99.5062%]  [15921/16000]
Avg Dev loss = 0.827179726109736, acc = 87.7500%  [1755/2000].
--------------------------------------------------------------------------------
Current lr = 0.000100
Epoch [139/150] avg [loss = 0.015556048453402], [acc = 99.5312%]  [15925/16000]
Avg Dev loss = 0.825935350228397, acc = 88.0500%  [1761/2000].
--------------------------------------------------------------------------------
Current lr = 0.000100
Epoch [140/150] avg [loss = 0.012549852189546], [acc = 99.5812%]  [15933/16000]
Avg Dev loss = 0.832129514547035, acc = 88.4500%  [1769/2000].
--------------------------------------------------------------------------------
Current lr = 0.000100
Epoch [141/150] avg [loss = 0.012046314054958], [acc = 99.6250%]  [15940/16000]
Avg Dev loss = 0.821841320104247, acc = 87.9000%  [1758/2000].
--------------------------------------------------------------------------------
Current lr = 0.000100
Epoch [142/150] avg [loss = 0.013517524476194], [acc = 99.5625%]  [15930/16000]
Avg Dev loss = 0.820751999578779, acc = 87.7500%  [1755/2000].
--------------------------------------------------------------------------------
Current lr = 0.000100
Epoch [143/150] avg [loss = 0.013131195700563], [acc = 99.4875%]  [15918/16000]
Avg Dev loss = 0.822261786635315, acc = 87.7500%  [1755/2000].
--------------------------------------------------------------------------------
Current lr = 0.000100
Epoch [144/150] avg [loss = 0.013354702900956], [acc = 99.5687%]  [15931/16000]
Avg Dev loss = 0.806890229916289, acc = 87.9000%  [1758/2000].
--------------------------------------------------------------------------------
Current lr = 0.000100
Epoch [145/150] avg [loss = 0.014130237997702], [acc = 99.5375%]  [15926/16000]
Avg Dev loss = 0.831407393358411, acc = 88.0500%  [1761/2000].
--------------------------------------------------------------------------------
Current lr = 0.000100
Epoch [146/150] avg [loss = 0.012745150856078], [acc = 99.5625%]  [15930/16000]
Avg Dev loss = 0.845300059248176, acc = 87.8500%  [1757/2000].
--------------------------------------------------------------------------------
Current lr = 0.000100
Epoch [147/150] avg [loss = 0.012847917887992], [acc = 99.6063%]  [15937/16000]
Avg Dev loss = 0.829325188683080, acc = 88.1000%  [1762/2000].
--------------------------------------------------------------------------------
Current lr = 0.000100
Epoch [148/150] avg [loss = 0.013647383685122], [acc = 99.5125%]  [15922/16000]
Avg Dev loss = 0.872364380252769, acc = 87.9000%  [1758/2000].
--------------------------------------------------------------------------------
Current lr = 0.000100
Epoch [149/150] avg [loss = 0.012831590481716], [acc = 99.5812%]  [15933/16000]
Avg Dev loss = 0.827680493645843, acc = 88.0000%  [1760/2000].
--------------------------------------------------------------------------------
Current lr = 0.000100
Epoch [150/150] avg [loss = 0.011550874468376], [acc = 99.6250%]  [15940/16000]
Avg Dev loss = 0.836763745973936, acc = 87.9500%  [1759/2000].
Test data = 86.3500%  [1727/2000]
